{"timestamp": "2024-02-03 19:18:24,128", "level": "INFO", "message": "D\u00e9but d'extraction des donn\u00e9es des compagnies a\u00e9riennes", "module": "extractor", "line": 24, "pathname": "C:\\Users\\habou\\Desktop\\python\\Data engineering\\FligthRadarDataPipeline\\ETL spark\\src\\Extraction\\extractor.py"}
{"timestamp": "2024-02-03 19:18:24,128", "level": "INFO", "message": "D\u00e9but d'extraction des donn\u00e9es des compagnies a\u00e9riennes", "module": "extractor", "line": 24, "pathname": "C:\\Users\\habou\\Desktop\\python\\Data engineering\\FligthRadarDataPipeline\\ETL spark\\src\\Extraction\\extractor.py"}
{"timestamp": "2024-02-03 19:18:24,342", "level": "INFO", "message": "Fin d'extraction des donn\u00e9es des compagnies a\u00e9riennes", "module": "extractor", "line": 26, "pathname": "C:\\Users\\habou\\Desktop\\python\\Data engineering\\FligthRadarDataPipeline\\ETL spark\\src\\Extraction\\extractor.py"}
{"timestamp": "2024-02-03 19:18:24,342", "level": "INFO", "message": "Fin d'extraction des donn\u00e9es des compagnies a\u00e9riennes", "module": "extractor", "line": 26, "pathname": "C:\\Users\\habou\\Desktop\\python\\Data engineering\\FligthRadarDataPipeline\\ETL spark\\src\\Extraction\\extractor.py"}
{"timestamp": "2024-02-03 19:18:24,345", "level": "INFO", "message": "D\u00e9but d'extraction des donn\u00e9es de vols", "module": "extractor", "line": 59, "pathname": "C:\\Users\\habou\\Desktop\\python\\Data engineering\\FligthRadarDataPipeline\\ETL spark\\src\\Extraction\\extractor.py"}
{"timestamp": "2024-02-03 19:18:24,345", "level": "INFO", "message": "D\u00e9but d'extraction des donn\u00e9es de vols", "module": "extractor", "line": 59, "pathname": "C:\\Users\\habou\\Desktop\\python\\Data engineering\\FligthRadarDataPipeline\\ETL spark\\src\\Extraction\\extractor.py"}
{"timestamp": "2024-02-03 19:18:40,772", "level": "INFO", "message": "Fin d'extraction des donn\u00e9es de vols", "module": "extractor", "line": 75, "pathname": "C:\\Users\\habou\\Desktop\\python\\Data engineering\\FligthRadarDataPipeline\\ETL spark\\src\\Extraction\\extractor.py"}
{"timestamp": "2024-02-03 19:18:40,772", "level": "INFO", "message": "Fin d'extraction des donn\u00e9es de vols", "module": "extractor", "line": 75, "pathname": "C:\\Users\\habou\\Desktop\\python\\Data engineering\\FligthRadarDataPipeline\\ETL spark\\src\\Extraction\\extractor.py"}
{"timestamp": "2024-02-03 19:18:40,776", "level": "INFO", "message": "D\u00e9but d'extraction des donn\u00e9es des a\u00e9roports", "module": "extractor", "line": 40, "pathname": "C:\\Users\\habou\\Desktop\\python\\Data engineering\\FligthRadarDataPipeline\\ETL spark\\src\\Extraction\\extractor.py"}
{"timestamp": "2024-02-03 19:18:40,776", "level": "INFO", "message": "D\u00e9but d'extraction des donn\u00e9es des a\u00e9roports", "module": "extractor", "line": 40, "pathname": "C:\\Users\\habou\\Desktop\\python\\Data engineering\\FligthRadarDataPipeline\\ETL spark\\src\\Extraction\\extractor.py"}
{"timestamp": "2024-02-03 19:18:41,345", "level": "INFO", "message": "Fin d'extraction des donn\u00e9es des a\u00e9roports", "module": "extractor", "line": 42, "pathname": "C:\\Users\\habou\\Desktop\\python\\Data engineering\\FligthRadarDataPipeline\\ETL spark\\src\\Extraction\\extractor.py"}
{"timestamp": "2024-02-03 19:18:41,345", "level": "INFO", "message": "Fin d'extraction des donn\u00e9es des a\u00e9roports", "module": "extractor", "line": 42, "pathname": "C:\\Users\\habou\\Desktop\\python\\Data engineering\\FligthRadarDataPipeline\\ETL spark\\src\\Extraction\\extractor.py"}
{"timestamp": "2024-02-03 19:18:41,368", "level": "INFO", "message": "D\u00e9but d'extraction des donn\u00e9es des zones", "module": "extractor", "line": 90, "pathname": "C:\\Users\\habou\\Desktop\\python\\Data engineering\\FligthRadarDataPipeline\\ETL spark\\src\\Extraction\\extractor.py"}
{"timestamp": "2024-02-03 19:18:41,368", "level": "INFO", "message": "D\u00e9but d'extraction des donn\u00e9es des zones", "module": "extractor", "line": 90, "pathname": "C:\\Users\\habou\\Desktop\\python\\Data engineering\\FligthRadarDataPipeline\\ETL spark\\src\\Extraction\\extractor.py"}
{"timestamp": "2024-02-03 19:18:41,488", "level": "INFO", "message": "Fin d'extraction des donn\u00e9es des zones", "module": "extractor", "line": 92, "pathname": "C:\\Users\\habou\\Desktop\\python\\Data engineering\\FligthRadarDataPipeline\\ETL spark\\src\\Extraction\\extractor.py"}
{"timestamp": "2024-02-03 19:18:41,488", "level": "INFO", "message": "Fin d'extraction des donn\u00e9es des zones", "module": "extractor", "line": 92, "pathname": "C:\\Users\\habou\\Desktop\\python\\Data engineering\\FligthRadarDataPipeline\\ETL spark\\src\\Extraction\\extractor.py"}
{"timestamp": "2024-02-03 19:18:41,618", "level": "ERROR", "message": "Une erreur est survenue lors du chargement des donn\u00e9es dans la rawzone", "module": "extractor", "line": 137, "pathname": "C:\\Users\\habou\\Desktop\\python\\Data engineering\\FligthRadarDataPipeline\\ETL spark\\src\\Extraction\\extractor.py"}
{"timestamp": "2024-02-03 19:18:41,618", "level": "ERROR", "message": "Une erreur est survenue lors du chargement des donn\u00e9es dans la rawzone", "module": "extractor", "line": 137, "pathname": "C:\\Users\\habou\\Desktop\\python\\Data engineering\\FligthRadarDataPipeline\\ETL spark\\src\\Extraction\\extractor.py"}
{"timestamp": "2024-02-03 19:22:15,139", "level": "INFO", "message": "D\u00e9but d'extraction des donn\u00e9es des compagnies a\u00e9riennes", "module": "extractor", "line": 24, "pathname": "C:\\Users\\habou\\Desktop\\python\\Data engineering\\FligthRadarDataPipeline\\ETL spark\\src\\Extraction\\extractor.py"}
{"timestamp": "2024-02-03 19:22:15,139", "level": "INFO", "message": "D\u00e9but d'extraction des donn\u00e9es des compagnies a\u00e9riennes", "module": "extractor", "line": 24, "pathname": "C:\\Users\\habou\\Desktop\\python\\Data engineering\\FligthRadarDataPipeline\\ETL spark\\src\\Extraction\\extractor.py"}
{"timestamp": "2024-02-03 19:22:15,400", "level": "INFO", "message": "Fin d'extraction des donn\u00e9es des compagnies a\u00e9riennes", "module": "extractor", "line": 26, "pathname": "C:\\Users\\habou\\Desktop\\python\\Data engineering\\FligthRadarDataPipeline\\ETL spark\\src\\Extraction\\extractor.py"}
{"timestamp": "2024-02-03 19:22:15,400", "level": "INFO", "message": "Fin d'extraction des donn\u00e9es des compagnies a\u00e9riennes", "module": "extractor", "line": 26, "pathname": "C:\\Users\\habou\\Desktop\\python\\Data engineering\\FligthRadarDataPipeline\\ETL spark\\src\\Extraction\\extractor.py"}
{"timestamp": "2024-02-03 19:22:15,400", "level": "INFO", "message": "D\u00e9but d'extraction des donn\u00e9es de vols", "module": "extractor", "line": 59, "pathname": "C:\\Users\\habou\\Desktop\\python\\Data engineering\\FligthRadarDataPipeline\\ETL spark\\src\\Extraction\\extractor.py"}
{"timestamp": "2024-02-03 19:22:15,400", "level": "INFO", "message": "D\u00e9but d'extraction des donn\u00e9es de vols", "module": "extractor", "line": 59, "pathname": "C:\\Users\\habou\\Desktop\\python\\Data engineering\\FligthRadarDataPipeline\\ETL spark\\src\\Extraction\\extractor.py"}
{"timestamp": "2024-02-03 19:22:35,600", "level": "INFO", "message": "Fin d'extraction des donn\u00e9es de vols", "module": "extractor", "line": 75, "pathname": "C:\\Users\\habou\\Desktop\\python\\Data engineering\\FligthRadarDataPipeline\\ETL spark\\src\\Extraction\\extractor.py"}
{"timestamp": "2024-02-03 19:22:35,600", "level": "INFO", "message": "Fin d'extraction des donn\u00e9es de vols", "module": "extractor", "line": 75, "pathname": "C:\\Users\\habou\\Desktop\\python\\Data engineering\\FligthRadarDataPipeline\\ETL spark\\src\\Extraction\\extractor.py"}
{"timestamp": "2024-02-03 19:22:35,600", "level": "INFO", "message": "D\u00e9but d'extraction des donn\u00e9es des a\u00e9roports", "module": "extractor", "line": 40, "pathname": "C:\\Users\\habou\\Desktop\\python\\Data engineering\\FligthRadarDataPipeline\\ETL spark\\src\\Extraction\\extractor.py"}
{"timestamp": "2024-02-03 19:22:35,600", "level": "INFO", "message": "D\u00e9but d'extraction des donn\u00e9es des a\u00e9roports", "module": "extractor", "line": 40, "pathname": "C:\\Users\\habou\\Desktop\\python\\Data engineering\\FligthRadarDataPipeline\\ETL spark\\src\\Extraction\\extractor.py"}
{"timestamp": "2024-02-03 19:22:35,816", "level": "INFO", "message": "Fin d'extraction des donn\u00e9es des a\u00e9roports", "module": "extractor", "line": 42, "pathname": "C:\\Users\\habou\\Desktop\\python\\Data engineering\\FligthRadarDataPipeline\\ETL spark\\src\\Extraction\\extractor.py"}
{"timestamp": "2024-02-03 19:22:35,816", "level": "INFO", "message": "Fin d'extraction des donn\u00e9es des a\u00e9roports", "module": "extractor", "line": 42, "pathname": "C:\\Users\\habou\\Desktop\\python\\Data engineering\\FligthRadarDataPipeline\\ETL spark\\src\\Extraction\\extractor.py"}
{"timestamp": "2024-02-03 19:22:35,829", "level": "INFO", "message": "D\u00e9but d'extraction des donn\u00e9es des zones", "module": "extractor", "line": 90, "pathname": "C:\\Users\\habou\\Desktop\\python\\Data engineering\\FligthRadarDataPipeline\\ETL spark\\src\\Extraction\\extractor.py"}
{"timestamp": "2024-02-03 19:22:35,829", "level": "INFO", "message": "D\u00e9but d'extraction des donn\u00e9es des zones", "module": "extractor", "line": 90, "pathname": "C:\\Users\\habou\\Desktop\\python\\Data engineering\\FligthRadarDataPipeline\\ETL spark\\src\\Extraction\\extractor.py"}
{"timestamp": "2024-02-03 19:22:35,957", "level": "INFO", "message": "Fin d'extraction des donn\u00e9es des zones", "module": "extractor", "line": 92, "pathname": "C:\\Users\\habou\\Desktop\\python\\Data engineering\\FligthRadarDataPipeline\\ETL spark\\src\\Extraction\\extractor.py"}
{"timestamp": "2024-02-03 19:22:35,957", "level": "INFO", "message": "Fin d'extraction des donn\u00e9es des zones", "module": "extractor", "line": 92, "pathname": "C:\\Users\\habou\\Desktop\\python\\Data engineering\\FligthRadarDataPipeline\\ETL spark\\src\\Extraction\\extractor.py"}
{"timestamp": "2024-02-03 19:22:36,145", "level": "INFO", "message": "Donn\u00e9es de vols charg\u00e9es avec succ\u00e8s dans la rawzone", "module": "extractor", "line": 124, "pathname": "C:\\Users\\habou\\Desktop\\python\\Data engineering\\FligthRadarDataPipeline\\ETL spark\\src\\Extraction\\extractor.py"}
{"timestamp": "2024-02-03 19:22:36,145", "level": "INFO", "message": "Donn\u00e9es de vols charg\u00e9es avec succ\u00e8s dans la rawzone", "module": "extractor", "line": 124, "pathname": "C:\\Users\\habou\\Desktop\\python\\Data engineering\\FligthRadarDataPipeline\\ETL spark\\src\\Extraction\\extractor.py"}
{"timestamp": "2024-02-03 19:22:36,191", "level": "INFO", "message": "Donn\u00e9es des compagnies a\u00e9riennes charg\u00e9es avec succ\u00e8s dans la rawzone", "module": "extractor", "line": 127, "pathname": "C:\\Users\\habou\\Desktop\\python\\Data engineering\\FligthRadarDataPipeline\\ETL spark\\src\\Extraction\\extractor.py"}
{"timestamp": "2024-02-03 19:22:36,191", "level": "INFO", "message": "Donn\u00e9es des compagnies a\u00e9riennes charg\u00e9es avec succ\u00e8s dans la rawzone", "module": "extractor", "line": 127, "pathname": "C:\\Users\\habou\\Desktop\\python\\Data engineering\\FligthRadarDataPipeline\\ETL spark\\src\\Extraction\\extractor.py"}
{"timestamp": "2024-02-03 19:22:36,277", "level": "INFO", "message": "Donn\u00e9es des zones charg\u00e9es avec succ\u00e8s dans la rawzone", "module": "extractor", "line": 130, "pathname": "C:\\Users\\habou\\Desktop\\python\\Data engineering\\FligthRadarDataPipeline\\ETL spark\\src\\Extraction\\extractor.py"}
{"timestamp": "2024-02-03 19:22:36,277", "level": "INFO", "message": "Donn\u00e9es des zones charg\u00e9es avec succ\u00e8s dans la rawzone", "module": "extractor", "line": 130, "pathname": "C:\\Users\\habou\\Desktop\\python\\Data engineering\\FligthRadarDataPipeline\\ETL spark\\src\\Extraction\\extractor.py"}
{"timestamp": "2024-02-03 19:22:36,375", "level": "INFO", "message": "Donn\u00e9es des a\u00e9roports charg\u00e9es avec succ\u00e8s dans la rawzone", "module": "extractor", "line": 133, "pathname": "C:\\Users\\habou\\Desktop\\python\\Data engineering\\FligthRadarDataPipeline\\ETL spark\\src\\Extraction\\extractor.py"}
{"timestamp": "2024-02-03 19:22:36,375", "level": "INFO", "message": "Donn\u00e9es des a\u00e9roports charg\u00e9es avec succ\u00e8s dans la rawzone", "module": "extractor", "line": 133, "pathname": "C:\\Users\\habou\\Desktop\\python\\Data engineering\\FligthRadarDataPipeline\\ETL spark\\src\\Extraction\\extractor.py"}
{"timestamp": "2024-02-03 19:30:05,585", "level": "INFO", "message": "D\u00e9but d'extraction des donn\u00e9es des compagnies a\u00e9riennes", "module": "extractor", "line": 24, "pathname": "C:\\Users\\habou\\Desktop\\python\\Data engineering\\FligthRadarDataPipeline\\ETL spark\\src\\Extraction\\extractor.py"}
{"timestamp": "2024-02-03 19:30:05,585", "level": "INFO", "message": "D\u00e9but d'extraction des donn\u00e9es des compagnies a\u00e9riennes", "module": "extractor", "line": 24, "pathname": "C:\\Users\\habou\\Desktop\\python\\Data engineering\\FligthRadarDataPipeline\\ETL spark\\src\\Extraction\\extractor.py"}
{"timestamp": "2024-02-03 19:30:05,902", "level": "INFO", "message": "Fin d'extraction des donn\u00e9es des compagnies a\u00e9riennes", "module": "extractor", "line": 26, "pathname": "C:\\Users\\habou\\Desktop\\python\\Data engineering\\FligthRadarDataPipeline\\ETL spark\\src\\Extraction\\extractor.py"}
{"timestamp": "2024-02-03 19:30:05,902", "level": "INFO", "message": "Fin d'extraction des donn\u00e9es des compagnies a\u00e9riennes", "module": "extractor", "line": 26, "pathname": "C:\\Users\\habou\\Desktop\\python\\Data engineering\\FligthRadarDataPipeline\\ETL spark\\src\\Extraction\\extractor.py"}
{"timestamp": "2024-02-03 19:30:05,902", "level": "INFO", "message": "D\u00e9but d'extraction des donn\u00e9es de vols", "module": "extractor", "line": 59, "pathname": "C:\\Users\\habou\\Desktop\\python\\Data engineering\\FligthRadarDataPipeline\\ETL spark\\src\\Extraction\\extractor.py"}
{"timestamp": "2024-02-03 19:30:05,902", "level": "INFO", "message": "D\u00e9but d'extraction des donn\u00e9es de vols", "module": "extractor", "line": 59, "pathname": "C:\\Users\\habou\\Desktop\\python\\Data engineering\\FligthRadarDataPipeline\\ETL spark\\src\\Extraction\\extractor.py"}
{"timestamp": "2024-02-03 19:30:21,672", "level": "INFO", "message": "Fin d'extraction des donn\u00e9es de vols", "module": "extractor", "line": 75, "pathname": "C:\\Users\\habou\\Desktop\\python\\Data engineering\\FligthRadarDataPipeline\\ETL spark\\src\\Extraction\\extractor.py"}
{"timestamp": "2024-02-03 19:30:21,672", "level": "INFO", "message": "Fin d'extraction des donn\u00e9es de vols", "module": "extractor", "line": 75, "pathname": "C:\\Users\\habou\\Desktop\\python\\Data engineering\\FligthRadarDataPipeline\\ETL spark\\src\\Extraction\\extractor.py"}
{"timestamp": "2024-02-03 19:30:21,674", "level": "INFO", "message": "D\u00e9but d'extraction des donn\u00e9es des a\u00e9roports", "module": "extractor", "line": 40, "pathname": "C:\\Users\\habou\\Desktop\\python\\Data engineering\\FligthRadarDataPipeline\\ETL spark\\src\\Extraction\\extractor.py"}
{"timestamp": "2024-02-03 19:30:21,674", "level": "INFO", "message": "D\u00e9but d'extraction des donn\u00e9es des a\u00e9roports", "module": "extractor", "line": 40, "pathname": "C:\\Users\\habou\\Desktop\\python\\Data engineering\\FligthRadarDataPipeline\\ETL spark\\src\\Extraction\\extractor.py"}
{"timestamp": "2024-02-03 19:30:21,861", "level": "INFO", "message": "Fin d'extraction des donn\u00e9es des a\u00e9roports", "module": "extractor", "line": 42, "pathname": "C:\\Users\\habou\\Desktop\\python\\Data engineering\\FligthRadarDataPipeline\\ETL spark\\src\\Extraction\\extractor.py"}
{"timestamp": "2024-02-03 19:30:21,861", "level": "INFO", "message": "Fin d'extraction des donn\u00e9es des a\u00e9roports", "module": "extractor", "line": 42, "pathname": "C:\\Users\\habou\\Desktop\\python\\Data engineering\\FligthRadarDataPipeline\\ETL spark\\src\\Extraction\\extractor.py"}
{"timestamp": "2024-02-03 19:30:21,877", "level": "INFO", "message": "D\u00e9but d'extraction des donn\u00e9es des zones", "module": "extractor", "line": 90, "pathname": "C:\\Users\\habou\\Desktop\\python\\Data engineering\\FligthRadarDataPipeline\\ETL spark\\src\\Extraction\\extractor.py"}
{"timestamp": "2024-02-03 19:30:21,877", "level": "INFO", "message": "D\u00e9but d'extraction des donn\u00e9es des zones", "module": "extractor", "line": 90, "pathname": "C:\\Users\\habou\\Desktop\\python\\Data engineering\\FligthRadarDataPipeline\\ETL spark\\src\\Extraction\\extractor.py"}
{"timestamp": "2024-02-03 19:30:22,008", "level": "INFO", "message": "Fin d'extraction des donn\u00e9es des zones", "module": "extractor", "line": 92, "pathname": "C:\\Users\\habou\\Desktop\\python\\Data engineering\\FligthRadarDataPipeline\\ETL spark\\src\\Extraction\\extractor.py"}
{"timestamp": "2024-02-03 19:30:22,008", "level": "INFO", "message": "Fin d'extraction des donn\u00e9es des zones", "module": "extractor", "line": 92, "pathname": "C:\\Users\\habou\\Desktop\\python\\Data engineering\\FligthRadarDataPipeline\\ETL spark\\src\\Extraction\\extractor.py"}
{"timestamp": "2024-02-03 19:30:22,139", "level": "INFO", "message": "Donn\u00e9es de vols charg\u00e9es avec succ\u00e8s dans la rawzone", "module": "extractor", "line": 124, "pathname": "C:\\Users\\habou\\Desktop\\python\\Data engineering\\FligthRadarDataPipeline\\ETL spark\\src\\Extraction\\extractor.py"}
{"timestamp": "2024-02-03 19:30:22,139", "level": "INFO", "message": "Donn\u00e9es de vols charg\u00e9es avec succ\u00e8s dans la rawzone", "module": "extractor", "line": 124, "pathname": "C:\\Users\\habou\\Desktop\\python\\Data engineering\\FligthRadarDataPipeline\\ETL spark\\src\\Extraction\\extractor.py"}
{"timestamp": "2024-02-03 19:30:22,156", "level": "INFO", "message": "Donn\u00e9es des compagnies a\u00e9riennes charg\u00e9es avec succ\u00e8s dans la rawzone", "module": "extractor", "line": 127, "pathname": "C:\\Users\\habou\\Desktop\\python\\Data engineering\\FligthRadarDataPipeline\\ETL spark\\src\\Extraction\\extractor.py"}
{"timestamp": "2024-02-03 19:30:22,156", "level": "INFO", "message": "Donn\u00e9es des compagnies a\u00e9riennes charg\u00e9es avec succ\u00e8s dans la rawzone", "module": "extractor", "line": 127, "pathname": "C:\\Users\\habou\\Desktop\\python\\Data engineering\\FligthRadarDataPipeline\\ETL spark\\src\\Extraction\\extractor.py"}
{"timestamp": "2024-02-03 19:30:22,213", "level": "INFO", "message": "Donn\u00e9es des zones charg\u00e9es avec succ\u00e8s dans la rawzone", "module": "extractor", "line": 130, "pathname": "C:\\Users\\habou\\Desktop\\python\\Data engineering\\FligthRadarDataPipeline\\ETL spark\\src\\Extraction\\extractor.py"}
{"timestamp": "2024-02-03 19:30:22,213", "level": "INFO", "message": "Donn\u00e9es des zones charg\u00e9es avec succ\u00e8s dans la rawzone", "module": "extractor", "line": 130, "pathname": "C:\\Users\\habou\\Desktop\\python\\Data engineering\\FligthRadarDataPipeline\\ETL spark\\src\\Extraction\\extractor.py"}
{"timestamp": "2024-02-03 19:30:22,277", "level": "INFO", "message": "Donn\u00e9es des a\u00e9roports charg\u00e9es avec succ\u00e8s dans la rawzone", "module": "extractor", "line": 133, "pathname": "C:\\Users\\habou\\Desktop\\python\\Data engineering\\FligthRadarDataPipeline\\ETL spark\\src\\Extraction\\extractor.py"}
{"timestamp": "2024-02-03 19:30:22,277", "level": "INFO", "message": "Donn\u00e9es des a\u00e9roports charg\u00e9es avec succ\u00e8s dans la rawzone", "module": "extractor", "line": 133, "pathname": "C:\\Users\\habou\\Desktop\\python\\Data engineering\\FligthRadarDataPipeline\\ETL spark\\src\\Extraction\\extractor.py"}
{"timestamp": "2024-02-03 19:48:41,786", "level": "INFO", "message": "D\u00e9but d'extraction des donn\u00e9es des compagnies a\u00e9riennes", "module": "extractor", "line": 26, "pathname": "C:\\Users\\habou\\Desktop\\python\\Data engineering\\FligthRadarDataPipeline\\ETL spark\\src\\Extraction\\extractor.py"}
{"timestamp": "2024-02-03 19:48:41,786", "level": "INFO", "message": "D\u00e9but d'extraction des donn\u00e9es des compagnies a\u00e9riennes", "module": "extractor", "line": 26, "pathname": "C:\\Users\\habou\\Desktop\\python\\Data engineering\\FligthRadarDataPipeline\\ETL spark\\src\\Extraction\\extractor.py"}
{"timestamp": "2024-02-03 19:48:42,042", "level": "INFO", "message": "Fin d'extraction des donn\u00e9es des compagnies a\u00e9riennes", "module": "extractor", "line": 28, "pathname": "C:\\Users\\habou\\Desktop\\python\\Data engineering\\FligthRadarDataPipeline\\ETL spark\\src\\Extraction\\extractor.py"}
{"timestamp": "2024-02-03 19:48:42,042", "level": "INFO", "message": "Fin d'extraction des donn\u00e9es des compagnies a\u00e9riennes", "module": "extractor", "line": 28, "pathname": "C:\\Users\\habou\\Desktop\\python\\Data engineering\\FligthRadarDataPipeline\\ETL spark\\src\\Extraction\\extractor.py"}
{"timestamp": "2024-02-03 19:48:42,042", "level": "INFO", "message": "D\u00e9but d'extraction des donn\u00e9es de vols", "module": "extractor", "line": 61, "pathname": "C:\\Users\\habou\\Desktop\\python\\Data engineering\\FligthRadarDataPipeline\\ETL spark\\src\\Extraction\\extractor.py"}
{"timestamp": "2024-02-03 19:48:42,042", "level": "INFO", "message": "D\u00e9but d'extraction des donn\u00e9es de vols", "module": "extractor", "line": 61, "pathname": "C:\\Users\\habou\\Desktop\\python\\Data engineering\\FligthRadarDataPipeline\\ETL spark\\src\\Extraction\\extractor.py"}
{"timestamp": "2024-02-03 19:48:58,296", "level": "INFO", "message": "Fin d'extraction des donn\u00e9es de vols", "module": "extractor", "line": 77, "pathname": "C:\\Users\\habou\\Desktop\\python\\Data engineering\\FligthRadarDataPipeline\\ETL spark\\src\\Extraction\\extractor.py"}
{"timestamp": "2024-02-03 19:48:58,296", "level": "INFO", "message": "Fin d'extraction des donn\u00e9es de vols", "module": "extractor", "line": 77, "pathname": "C:\\Users\\habou\\Desktop\\python\\Data engineering\\FligthRadarDataPipeline\\ETL spark\\src\\Extraction\\extractor.py"}
{"timestamp": "2024-02-03 19:48:58,300", "level": "INFO", "message": "D\u00e9but d'extraction des donn\u00e9es des a\u00e9roports", "module": "extractor", "line": 42, "pathname": "C:\\Users\\habou\\Desktop\\python\\Data engineering\\FligthRadarDataPipeline\\ETL spark\\src\\Extraction\\extractor.py"}
{"timestamp": "2024-02-03 19:48:58,300", "level": "INFO", "message": "D\u00e9but d'extraction des donn\u00e9es des a\u00e9roports", "module": "extractor", "line": 42, "pathname": "C:\\Users\\habou\\Desktop\\python\\Data engineering\\FligthRadarDataPipeline\\ETL spark\\src\\Extraction\\extractor.py"}
{"timestamp": "2024-02-03 19:48:58,670", "level": "INFO", "message": "Fin d'extraction des donn\u00e9es des a\u00e9roports", "module": "extractor", "line": 44, "pathname": "C:\\Users\\habou\\Desktop\\python\\Data engineering\\FligthRadarDataPipeline\\ETL spark\\src\\Extraction\\extractor.py"}
{"timestamp": "2024-02-03 19:48:58,670", "level": "INFO", "message": "Fin d'extraction des donn\u00e9es des a\u00e9roports", "module": "extractor", "line": 44, "pathname": "C:\\Users\\habou\\Desktop\\python\\Data engineering\\FligthRadarDataPipeline\\ETL spark\\src\\Extraction\\extractor.py"}
{"timestamp": "2024-02-03 19:48:58,738", "level": "INFO", "message": "D\u00e9but d'extraction des donn\u00e9es des zones", "module": "extractor", "line": 92, "pathname": "C:\\Users\\habou\\Desktop\\python\\Data engineering\\FligthRadarDataPipeline\\ETL spark\\src\\Extraction\\extractor.py"}
{"timestamp": "2024-02-03 19:48:58,738", "level": "INFO", "message": "D\u00e9but d'extraction des donn\u00e9es des zones", "module": "extractor", "line": 92, "pathname": "C:\\Users\\habou\\Desktop\\python\\Data engineering\\FligthRadarDataPipeline\\ETL spark\\src\\Extraction\\extractor.py"}
{"timestamp": "2024-02-03 19:48:58,936", "level": "INFO", "message": "Fin d'extraction des donn\u00e9es des zones", "module": "extractor", "line": 94, "pathname": "C:\\Users\\habou\\Desktop\\python\\Data engineering\\FligthRadarDataPipeline\\ETL spark\\src\\Extraction\\extractor.py"}
{"timestamp": "2024-02-03 19:48:58,936", "level": "INFO", "message": "Fin d'extraction des donn\u00e9es des zones", "module": "extractor", "line": 94, "pathname": "C:\\Users\\habou\\Desktop\\python\\Data engineering\\FligthRadarDataPipeline\\ETL spark\\src\\Extraction\\extractor.py"}
{"timestamp": "2024-02-03 19:49:29,128", "level": "INFO", "message": "D\u00e9but d'extraction des donn\u00e9es des compagnies a\u00e9riennes", "module": "extractor", "line": 26, "pathname": "C:\\Users\\habou\\Desktop\\python\\Data engineering\\FligthRadarDataPipeline\\ETL spark\\src\\Extraction\\extractor.py"}
{"timestamp": "2024-02-03 19:49:29,128", "level": "INFO", "message": "D\u00e9but d'extraction des donn\u00e9es des compagnies a\u00e9riennes", "module": "extractor", "line": 26, "pathname": "C:\\Users\\habou\\Desktop\\python\\Data engineering\\FligthRadarDataPipeline\\ETL spark\\src\\Extraction\\extractor.py"}
{"timestamp": "2024-02-03 19:49:29,385", "level": "INFO", "message": "Fin d'extraction des donn\u00e9es des compagnies a\u00e9riennes", "module": "extractor", "line": 28, "pathname": "C:\\Users\\habou\\Desktop\\python\\Data engineering\\FligthRadarDataPipeline\\ETL spark\\src\\Extraction\\extractor.py"}
{"timestamp": "2024-02-03 19:49:29,385", "level": "INFO", "message": "Fin d'extraction des donn\u00e9es des compagnies a\u00e9riennes", "module": "extractor", "line": 28, "pathname": "C:\\Users\\habou\\Desktop\\python\\Data engineering\\FligthRadarDataPipeline\\ETL spark\\src\\Extraction\\extractor.py"}
{"timestamp": "2024-02-03 19:49:29,386", "level": "INFO", "message": "D\u00e9but d'extraction des donn\u00e9es de vols", "module": "extractor", "line": 61, "pathname": "C:\\Users\\habou\\Desktop\\python\\Data engineering\\FligthRadarDataPipeline\\ETL spark\\src\\Extraction\\extractor.py"}
{"timestamp": "2024-02-03 19:49:29,386", "level": "INFO", "message": "D\u00e9but d'extraction des donn\u00e9es de vols", "module": "extractor", "line": 61, "pathname": "C:\\Users\\habou\\Desktop\\python\\Data engineering\\FligthRadarDataPipeline\\ETL spark\\src\\Extraction\\extractor.py"}
{"timestamp": "2024-02-03 19:50:15,576", "level": "INFO", "message": "Fin d'extraction des donn\u00e9es de vols", "module": "extractor", "line": 77, "pathname": "C:\\Users\\habou\\Desktop\\python\\Data engineering\\FligthRadarDataPipeline\\ETL spark\\src\\Extraction\\extractor.py"}
{"timestamp": "2024-02-03 19:50:15,576", "level": "INFO", "message": "Fin d'extraction des donn\u00e9es de vols", "module": "extractor", "line": 77, "pathname": "C:\\Users\\habou\\Desktop\\python\\Data engineering\\FligthRadarDataPipeline\\ETL spark\\src\\Extraction\\extractor.py"}
{"timestamp": "2024-02-03 19:50:15,586", "level": "INFO", "message": "D\u00e9but d'extraction des donn\u00e9es des a\u00e9roports", "module": "extractor", "line": 42, "pathname": "C:\\Users\\habou\\Desktop\\python\\Data engineering\\FligthRadarDataPipeline\\ETL spark\\src\\Extraction\\extractor.py"}
{"timestamp": "2024-02-03 19:50:15,586", "level": "INFO", "message": "D\u00e9but d'extraction des donn\u00e9es des a\u00e9roports", "module": "extractor", "line": 42, "pathname": "C:\\Users\\habou\\Desktop\\python\\Data engineering\\FligthRadarDataPipeline\\ETL spark\\src\\Extraction\\extractor.py"}
{"timestamp": "2024-02-03 19:50:15,825", "level": "INFO", "message": "Fin d'extraction des donn\u00e9es des a\u00e9roports", "module": "extractor", "line": 44, "pathname": "C:\\Users\\habou\\Desktop\\python\\Data engineering\\FligthRadarDataPipeline\\ETL spark\\src\\Extraction\\extractor.py"}
{"timestamp": "2024-02-03 19:50:15,825", "level": "INFO", "message": "Fin d'extraction des donn\u00e9es des a\u00e9roports", "module": "extractor", "line": 44, "pathname": "C:\\Users\\habou\\Desktop\\python\\Data engineering\\FligthRadarDataPipeline\\ETL spark\\src\\Extraction\\extractor.py"}
{"timestamp": "2024-02-03 19:50:15,871", "level": "INFO", "message": "D\u00e9but d'extraction des donn\u00e9es des zones", "module": "extractor", "line": 92, "pathname": "C:\\Users\\habou\\Desktop\\python\\Data engineering\\FligthRadarDataPipeline\\ETL spark\\src\\Extraction\\extractor.py"}
{"timestamp": "2024-02-03 19:50:15,871", "level": "INFO", "message": "D\u00e9but d'extraction des donn\u00e9es des zones", "module": "extractor", "line": 92, "pathname": "C:\\Users\\habou\\Desktop\\python\\Data engineering\\FligthRadarDataPipeline\\ETL spark\\src\\Extraction\\extractor.py"}
{"timestamp": "2024-02-03 19:50:15,993", "level": "INFO", "message": "Fin d'extraction des donn\u00e9es des zones", "module": "extractor", "line": 94, "pathname": "C:\\Users\\habou\\Desktop\\python\\Data engineering\\FligthRadarDataPipeline\\ETL spark\\src\\Extraction\\extractor.py"}
{"timestamp": "2024-02-03 19:50:15,993", "level": "INFO", "message": "Fin d'extraction des donn\u00e9es des zones", "module": "extractor", "line": 94, "pathname": "C:\\Users\\habou\\Desktop\\python\\Data engineering\\FligthRadarDataPipeline\\ETL spark\\src\\Extraction\\extractor.py"}
{"timestamp": "2024-02-03 19:50:16,221", "level": "INFO", "message": "Donn\u00e9es de vols charg\u00e9es avec succ\u00e8s dans la rawzone", "module": "extractor", "line": 126, "pathname": "C:\\Users\\habou\\Desktop\\python\\Data engineering\\FligthRadarDataPipeline\\ETL spark\\src\\Extraction\\extractor.py"}
{"timestamp": "2024-02-03 19:50:16,221", "level": "INFO", "message": "Donn\u00e9es de vols charg\u00e9es avec succ\u00e8s dans la rawzone", "module": "extractor", "line": 126, "pathname": "C:\\Users\\habou\\Desktop\\python\\Data engineering\\FligthRadarDataPipeline\\ETL spark\\src\\Extraction\\extractor.py"}
{"timestamp": "2024-02-03 19:50:16,263", "level": "INFO", "message": "Donn\u00e9es des compagnies a\u00e9riennes charg\u00e9es avec succ\u00e8s dans la rawzone", "module": "extractor", "line": 129, "pathname": "C:\\Users\\habou\\Desktop\\python\\Data engineering\\FligthRadarDataPipeline\\ETL spark\\src\\Extraction\\extractor.py"}
{"timestamp": "2024-02-03 19:50:16,263", "level": "INFO", "message": "Donn\u00e9es des compagnies a\u00e9riennes charg\u00e9es avec succ\u00e8s dans la rawzone", "module": "extractor", "line": 129, "pathname": "C:\\Users\\habou\\Desktop\\python\\Data engineering\\FligthRadarDataPipeline\\ETL spark\\src\\Extraction\\extractor.py"}
{"timestamp": "2024-02-03 19:50:16,282", "level": "INFO", "message": "Donn\u00e9es des zones charg\u00e9es avec succ\u00e8s dans la rawzone", "module": "extractor", "line": 132, "pathname": "C:\\Users\\habou\\Desktop\\python\\Data engineering\\FligthRadarDataPipeline\\ETL spark\\src\\Extraction\\extractor.py"}
{"timestamp": "2024-02-03 19:50:16,282", "level": "INFO", "message": "Donn\u00e9es des zones charg\u00e9es avec succ\u00e8s dans la rawzone", "module": "extractor", "line": 132, "pathname": "C:\\Users\\habou\\Desktop\\python\\Data engineering\\FligthRadarDataPipeline\\ETL spark\\src\\Extraction\\extractor.py"}
{"timestamp": "2024-02-03 19:50:16,379", "level": "INFO", "message": "Donn\u00e9es des a\u00e9roports charg\u00e9es avec succ\u00e8s dans la rawzone", "module": "extractor", "line": 135, "pathname": "C:\\Users\\habou\\Desktop\\python\\Data engineering\\FligthRadarDataPipeline\\ETL spark\\src\\Extraction\\extractor.py"}
{"timestamp": "2024-02-03 19:50:16,379", "level": "INFO", "message": "Donn\u00e9es des a\u00e9roports charg\u00e9es avec succ\u00e8s dans la rawzone", "module": "extractor", "line": 135, "pathname": "C:\\Users\\habou\\Desktop\\python\\Data engineering\\FligthRadarDataPipeline\\ETL spark\\src\\Extraction\\extractor.py"}
{"timestamp": "2024-02-03 20:05:44,529", "level": "INFO", "message": "D\u00e9but d'extraction des donn\u00e9es des compagnies a\u00e9riennes", "module": "extractor", "line": 26, "pathname": "C:\\Users\\habou\\Desktop\\python\\Data engineering\\FligthRadarDataPipeline\\ETL spark\\src\\Extract\\extractor.py"}
{"timestamp": "2024-02-03 20:05:44,529", "level": "INFO", "message": "D\u00e9but d'extraction des donn\u00e9es des compagnies a\u00e9riennes", "module": "extractor", "line": 26, "pathname": "C:\\Users\\habou\\Desktop\\python\\Data engineering\\FligthRadarDataPipeline\\ETL spark\\src\\Extract\\extractor.py"}
{"timestamp": "2024-02-03 20:05:44,697", "level": "INFO", "message": "Fin d'extraction des donn\u00e9es des compagnies a\u00e9riennes", "module": "extractor", "line": 28, "pathname": "C:\\Users\\habou\\Desktop\\python\\Data engineering\\FligthRadarDataPipeline\\ETL spark\\src\\Extract\\extractor.py"}
{"timestamp": "2024-02-03 20:05:44,697", "level": "INFO", "message": "Fin d'extraction des donn\u00e9es des compagnies a\u00e9riennes", "module": "extractor", "line": 28, "pathname": "C:\\Users\\habou\\Desktop\\python\\Data engineering\\FligthRadarDataPipeline\\ETL spark\\src\\Extract\\extractor.py"}
{"timestamp": "2024-02-03 20:05:44,697", "level": "INFO", "message": "D\u00e9but d'extraction des donn\u00e9es de vols", "module": "extractor", "line": 61, "pathname": "C:\\Users\\habou\\Desktop\\python\\Data engineering\\FligthRadarDataPipeline\\ETL spark\\src\\Extract\\extractor.py"}
{"timestamp": "2024-02-03 20:05:44,697", "level": "INFO", "message": "D\u00e9but d'extraction des donn\u00e9es de vols", "module": "extractor", "line": 61, "pathname": "C:\\Users\\habou\\Desktop\\python\\Data engineering\\FligthRadarDataPipeline\\ETL spark\\src\\Extract\\extractor.py"}
{"timestamp": "2024-02-03 20:06:05,483", "level": "INFO", "message": "Fin d'extraction des donn\u00e9es de vols", "module": "extractor", "line": 77, "pathname": "C:\\Users\\habou\\Desktop\\python\\Data engineering\\FligthRadarDataPipeline\\ETL spark\\src\\Extract\\extractor.py"}
{"timestamp": "2024-02-03 20:06:05,483", "level": "INFO", "message": "Fin d'extraction des donn\u00e9es de vols", "module": "extractor", "line": 77, "pathname": "C:\\Users\\habou\\Desktop\\python\\Data engineering\\FligthRadarDataPipeline\\ETL spark\\src\\Extract\\extractor.py"}
{"timestamp": "2024-02-03 20:06:05,487", "level": "INFO", "message": "D\u00e9but d'extraction des donn\u00e9es des a\u00e9roports", "module": "extractor", "line": 42, "pathname": "C:\\Users\\habou\\Desktop\\python\\Data engineering\\FligthRadarDataPipeline\\ETL spark\\src\\Extract\\extractor.py"}
{"timestamp": "2024-02-03 20:06:05,487", "level": "INFO", "message": "D\u00e9but d'extraction des donn\u00e9es des a\u00e9roports", "module": "extractor", "line": 42, "pathname": "C:\\Users\\habou\\Desktop\\python\\Data engineering\\FligthRadarDataPipeline\\ETL spark\\src\\Extract\\extractor.py"}
{"timestamp": "2024-02-03 20:06:05,817", "level": "INFO", "message": "Fin d'extraction des donn\u00e9es des a\u00e9roports", "module": "extractor", "line": 44, "pathname": "C:\\Users\\habou\\Desktop\\python\\Data engineering\\FligthRadarDataPipeline\\ETL spark\\src\\Extract\\extractor.py"}
{"timestamp": "2024-02-03 20:06:05,817", "level": "INFO", "message": "Fin d'extraction des donn\u00e9es des a\u00e9roports", "module": "extractor", "line": 44, "pathname": "C:\\Users\\habou\\Desktop\\python\\Data engineering\\FligthRadarDataPipeline\\ETL spark\\src\\Extract\\extractor.py"}
{"timestamp": "2024-02-03 20:06:05,852", "level": "INFO", "message": "D\u00e9but d'extraction des donn\u00e9es des zones", "module": "extractor", "line": 92, "pathname": "C:\\Users\\habou\\Desktop\\python\\Data engineering\\FligthRadarDataPipeline\\ETL spark\\src\\Extract\\extractor.py"}
{"timestamp": "2024-02-03 20:06:05,852", "level": "INFO", "message": "D\u00e9but d'extraction des donn\u00e9es des zones", "module": "extractor", "line": 92, "pathname": "C:\\Users\\habou\\Desktop\\python\\Data engineering\\FligthRadarDataPipeline\\ETL spark\\src\\Extract\\extractor.py"}
{"timestamp": "2024-02-03 20:06:05,967", "level": "INFO", "message": "Fin d'extraction des donn\u00e9es des zones", "module": "extractor", "line": 94, "pathname": "C:\\Users\\habou\\Desktop\\python\\Data engineering\\FligthRadarDataPipeline\\ETL spark\\src\\Extract\\extractor.py"}
{"timestamp": "2024-02-03 20:06:05,967", "level": "INFO", "message": "Fin d'extraction des donn\u00e9es des zones", "module": "extractor", "line": 94, "pathname": "C:\\Users\\habou\\Desktop\\python\\Data engineering\\FligthRadarDataPipeline\\ETL spark\\src\\Extract\\extractor.py"}
{"timestamp": "2024-02-03 20:06:06,051", "level": "ERROR", "message": "Une erreur est survenue lors du chargement des donn\u00e9es dans la rawzone", "module": "extractor", "line": 139, "pathname": "C:\\Users\\habou\\Desktop\\python\\Data engineering\\FligthRadarDataPipeline\\ETL spark\\src\\Extract\\extractor.py"}
{"timestamp": "2024-02-03 20:06:06,051", "level": "ERROR", "message": "Une erreur est survenue lors du chargement des donn\u00e9es dans la rawzone", "module": "extractor", "line": 139, "pathname": "C:\\Users\\habou\\Desktop\\python\\Data engineering\\FligthRadarDataPipeline\\ETL spark\\src\\Extract\\extractor.py"}
{"timestamp": "2024-02-03 20:06:28,207", "level": "INFO", "message": "D\u00e9but d'extraction des donn\u00e9es des compagnies a\u00e9riennes", "module": "extractor", "line": 26, "pathname": "C:\\Users\\habou\\Desktop\\python\\Data engineering\\FligthRadarDataPipeline\\ETL spark\\src\\Extract\\extractor.py"}
{"timestamp": "2024-02-03 20:06:28,207", "level": "INFO", "message": "D\u00e9but d'extraction des donn\u00e9es des compagnies a\u00e9riennes", "module": "extractor", "line": 26, "pathname": "C:\\Users\\habou\\Desktop\\python\\Data engineering\\FligthRadarDataPipeline\\ETL spark\\src\\Extract\\extractor.py"}
{"timestamp": "2024-02-03 20:06:29,390", "level": "INFO", "message": "Fin d'extraction des donn\u00e9es des compagnies a\u00e9riennes", "module": "extractor", "line": 28, "pathname": "C:\\Users\\habou\\Desktop\\python\\Data engineering\\FligthRadarDataPipeline\\ETL spark\\src\\Extract\\extractor.py"}
{"timestamp": "2024-02-03 20:06:29,390", "level": "INFO", "message": "Fin d'extraction des donn\u00e9es des compagnies a\u00e9riennes", "module": "extractor", "line": 28, "pathname": "C:\\Users\\habou\\Desktop\\python\\Data engineering\\FligthRadarDataPipeline\\ETL spark\\src\\Extract\\extractor.py"}
{"timestamp": "2024-02-03 20:06:29,391", "level": "INFO", "message": "D\u00e9but d'extraction des donn\u00e9es de vols", "module": "extractor", "line": 61, "pathname": "C:\\Users\\habou\\Desktop\\python\\Data engineering\\FligthRadarDataPipeline\\ETL spark\\src\\Extract\\extractor.py"}
{"timestamp": "2024-02-03 20:06:29,391", "level": "INFO", "message": "D\u00e9but d'extraction des donn\u00e9es de vols", "module": "extractor", "line": 61, "pathname": "C:\\Users\\habou\\Desktop\\python\\Data engineering\\FligthRadarDataPipeline\\ETL spark\\src\\Extract\\extractor.py"}
{"timestamp": "2024-02-03 20:06:44,270", "level": "INFO", "message": "Fin d'extraction des donn\u00e9es de vols", "module": "extractor", "line": 77, "pathname": "C:\\Users\\habou\\Desktop\\python\\Data engineering\\FligthRadarDataPipeline\\ETL spark\\src\\Extract\\extractor.py"}
{"timestamp": "2024-02-03 20:06:44,270", "level": "INFO", "message": "Fin d'extraction des donn\u00e9es de vols", "module": "extractor", "line": 77, "pathname": "C:\\Users\\habou\\Desktop\\python\\Data engineering\\FligthRadarDataPipeline\\ETL spark\\src\\Extract\\extractor.py"}
{"timestamp": "2024-02-03 20:06:44,275", "level": "INFO", "message": "D\u00e9but d'extraction des donn\u00e9es des a\u00e9roports", "module": "extractor", "line": 42, "pathname": "C:\\Users\\habou\\Desktop\\python\\Data engineering\\FligthRadarDataPipeline\\ETL spark\\src\\Extract\\extractor.py"}
{"timestamp": "2024-02-03 20:06:44,275", "level": "INFO", "message": "D\u00e9but d'extraction des donn\u00e9es des a\u00e9roports", "module": "extractor", "line": 42, "pathname": "C:\\Users\\habou\\Desktop\\python\\Data engineering\\FligthRadarDataPipeline\\ETL spark\\src\\Extract\\extractor.py"}
{"timestamp": "2024-02-03 20:06:44,647", "level": "INFO", "message": "Fin d'extraction des donn\u00e9es des a\u00e9roports", "module": "extractor", "line": 44, "pathname": "C:\\Users\\habou\\Desktop\\python\\Data engineering\\FligthRadarDataPipeline\\ETL spark\\src\\Extract\\extractor.py"}
{"timestamp": "2024-02-03 20:06:44,647", "level": "INFO", "message": "Fin d'extraction des donn\u00e9es des a\u00e9roports", "module": "extractor", "line": 44, "pathname": "C:\\Users\\habou\\Desktop\\python\\Data engineering\\FligthRadarDataPipeline\\ETL spark\\src\\Extract\\extractor.py"}
{"timestamp": "2024-02-03 20:06:44,679", "level": "INFO", "message": "D\u00e9but d'extraction des donn\u00e9es des zones", "module": "extractor", "line": 92, "pathname": "C:\\Users\\habou\\Desktop\\python\\Data engineering\\FligthRadarDataPipeline\\ETL spark\\src\\Extract\\extractor.py"}
{"timestamp": "2024-02-03 20:06:44,679", "level": "INFO", "message": "D\u00e9but d'extraction des donn\u00e9es des zones", "module": "extractor", "line": 92, "pathname": "C:\\Users\\habou\\Desktop\\python\\Data engineering\\FligthRadarDataPipeline\\ETL spark\\src\\Extract\\extractor.py"}
{"timestamp": "2024-02-03 20:06:44,804", "level": "INFO", "message": "Fin d'extraction des donn\u00e9es des zones", "module": "extractor", "line": 94, "pathname": "C:\\Users\\habou\\Desktop\\python\\Data engineering\\FligthRadarDataPipeline\\ETL spark\\src\\Extract\\extractor.py"}
{"timestamp": "2024-02-03 20:06:44,804", "level": "INFO", "message": "Fin d'extraction des donn\u00e9es des zones", "module": "extractor", "line": 94, "pathname": "C:\\Users\\habou\\Desktop\\python\\Data engineering\\FligthRadarDataPipeline\\ETL spark\\src\\Extract\\extractor.py"}
{"timestamp": "2024-02-03 20:06:44,980", "level": "INFO", "message": "Donn\u00e9es de vols charg\u00e9es avec succ\u00e8s dans la rawzone", "module": "extractor", "line": 126, "pathname": "C:\\Users\\habou\\Desktop\\python\\Data engineering\\FligthRadarDataPipeline\\ETL spark\\src\\Extract\\extractor.py"}
{"timestamp": "2024-02-03 20:06:44,980", "level": "INFO", "message": "Donn\u00e9es de vols charg\u00e9es avec succ\u00e8s dans la rawzone", "module": "extractor", "line": 126, "pathname": "C:\\Users\\habou\\Desktop\\python\\Data engineering\\FligthRadarDataPipeline\\ETL spark\\src\\Extract\\extractor.py"}
{"timestamp": "2024-02-03 20:06:45,060", "level": "INFO", "message": "Donn\u00e9es des compagnies a\u00e9riennes charg\u00e9es avec succ\u00e8s dans la rawzone", "module": "extractor", "line": 129, "pathname": "C:\\Users\\habou\\Desktop\\python\\Data engineering\\FligthRadarDataPipeline\\ETL spark\\src\\Extract\\extractor.py"}
{"timestamp": "2024-02-03 20:06:45,060", "level": "INFO", "message": "Donn\u00e9es des compagnies a\u00e9riennes charg\u00e9es avec succ\u00e8s dans la rawzone", "module": "extractor", "line": 129, "pathname": "C:\\Users\\habou\\Desktop\\python\\Data engineering\\FligthRadarDataPipeline\\ETL spark\\src\\Extract\\extractor.py"}
{"timestamp": "2024-02-03 20:06:45,142", "level": "INFO", "message": "Donn\u00e9es des zones charg\u00e9es avec succ\u00e8s dans la rawzone", "module": "extractor", "line": 132, "pathname": "C:\\Users\\habou\\Desktop\\python\\Data engineering\\FligthRadarDataPipeline\\ETL spark\\src\\Extract\\extractor.py"}
{"timestamp": "2024-02-03 20:06:45,142", "level": "INFO", "message": "Donn\u00e9es des zones charg\u00e9es avec succ\u00e8s dans la rawzone", "module": "extractor", "line": 132, "pathname": "C:\\Users\\habou\\Desktop\\python\\Data engineering\\FligthRadarDataPipeline\\ETL spark\\src\\Extract\\extractor.py"}
{"timestamp": "2024-02-03 20:06:45,235", "level": "INFO", "message": "Donn\u00e9es des a\u00e9roports charg\u00e9es avec succ\u00e8s dans la rawzone", "module": "extractor", "line": 135, "pathname": "C:\\Users\\habou\\Desktop\\python\\Data engineering\\FligthRadarDataPipeline\\ETL spark\\src\\Extract\\extractor.py"}
{"timestamp": "2024-02-03 20:06:45,235", "level": "INFO", "message": "Donn\u00e9es des a\u00e9roports charg\u00e9es avec succ\u00e8s dans la rawzone", "module": "extractor", "line": 135, "pathname": "C:\\Users\\habou\\Desktop\\python\\Data engineering\\FligthRadarDataPipeline\\ETL spark\\src\\Extract\\extractor.py"}
