{"timestamp": "2024-02-02 11:52:46,378", "level": "INFO", "message": "D\u00e9but d'extraction des donn\u00e9es des compagnies a\u00e9riennes", "module": "extractor", "line": 22, "pathname": "c:\\Users\\habou\\Desktop\\python\\Data engineering\\FligthRadarDataPipeline\\ETL spark\\src\\extractor.py"}
{"timestamp": "2024-02-02 11:52:46,378", "level": "INFO", "message": "D\u00e9but d'extraction des donn\u00e9es des compagnies a\u00e9riennes", "module": "extractor", "line": 22, "pathname": "c:\\Users\\habou\\Desktop\\python\\Data engineering\\FligthRadarDataPipeline\\ETL spark\\src\\extractor.py"}
{"timestamp": "2024-02-02 11:52:46,569", "level": "INFO", "message": "Fin d'extraction des donn\u00e9es des compagnies a\u00e9riennes", "module": "extractor", "line": 24, "pathname": "c:\\Users\\habou\\Desktop\\python\\Data engineering\\FligthRadarDataPipeline\\ETL spark\\src\\extractor.py"}
{"timestamp": "2024-02-02 11:52:46,569", "level": "INFO", "message": "Fin d'extraction des donn\u00e9es des compagnies a\u00e9riennes", "module": "extractor", "line": 24, "pathname": "c:\\Users\\habou\\Desktop\\python\\Data engineering\\FligthRadarDataPipeline\\ETL spark\\src\\extractor.py"}
{"timestamp": "2024-02-02 11:52:46,571", "level": "INFO", "message": "D\u00e9but d'extraction des donn\u00e9es de vols", "module": "extractor", "line": 57, "pathname": "c:\\Users\\habou\\Desktop\\python\\Data engineering\\FligthRadarDataPipeline\\ETL spark\\src\\extractor.py"}
{"timestamp": "2024-02-02 11:52:46,571", "level": "INFO", "message": "D\u00e9but d'extraction des donn\u00e9es de vols", "module": "extractor", "line": 57, "pathname": "c:\\Users\\habou\\Desktop\\python\\Data engineering\\FligthRadarDataPipeline\\ETL spark\\src\\extractor.py"}
{"timestamp": "2024-02-02 11:53:01,191", "level": "INFO", "message": "Fin d'extraction des donn\u00e9es de vols", "module": "extractor", "line": 73, "pathname": "c:\\Users\\habou\\Desktop\\python\\Data engineering\\FligthRadarDataPipeline\\ETL spark\\src\\extractor.py"}
{"timestamp": "2024-02-02 11:53:01,191", "level": "INFO", "message": "Fin d'extraction des donn\u00e9es de vols", "module": "extractor", "line": 73, "pathname": "c:\\Users\\habou\\Desktop\\python\\Data engineering\\FligthRadarDataPipeline\\ETL spark\\src\\extractor.py"}
{"timestamp": "2024-02-02 11:53:01,196", "level": "INFO", "message": "D\u00e9but d'extraction des donn\u00e9es des a\u00e9roports", "module": "extractor", "line": 38, "pathname": "c:\\Users\\habou\\Desktop\\python\\Data engineering\\FligthRadarDataPipeline\\ETL spark\\src\\extractor.py"}
{"timestamp": "2024-02-02 11:53:01,196", "level": "INFO", "message": "D\u00e9but d'extraction des donn\u00e9es des a\u00e9roports", "module": "extractor", "line": 38, "pathname": "c:\\Users\\habou\\Desktop\\python\\Data engineering\\FligthRadarDataPipeline\\ETL spark\\src\\extractor.py"}
{"timestamp": "2024-02-02 11:53:01,474", "level": "INFO", "message": "Fin d'extraction des donn\u00e9es des a\u00e9roports", "module": "extractor", "line": 40, "pathname": "c:\\Users\\habou\\Desktop\\python\\Data engineering\\FligthRadarDataPipeline\\ETL spark\\src\\extractor.py"}
{"timestamp": "2024-02-02 11:53:01,474", "level": "INFO", "message": "Fin d'extraction des donn\u00e9es des a\u00e9roports", "module": "extractor", "line": 40, "pathname": "c:\\Users\\habou\\Desktop\\python\\Data engineering\\FligthRadarDataPipeline\\ETL spark\\src\\extractor.py"}
{"timestamp": "2024-02-02 11:53:01,505", "level": "INFO", "message": "D\u00e9but d'extraction des donn\u00e9es des zones", "module": "extractor", "line": 88, "pathname": "c:\\Users\\habou\\Desktop\\python\\Data engineering\\FligthRadarDataPipeline\\ETL spark\\src\\extractor.py"}
{"timestamp": "2024-02-02 11:53:01,505", "level": "INFO", "message": "D\u00e9but d'extraction des donn\u00e9es des zones", "module": "extractor", "line": 88, "pathname": "c:\\Users\\habou\\Desktop\\python\\Data engineering\\FligthRadarDataPipeline\\ETL spark\\src\\extractor.py"}
{"timestamp": "2024-02-02 11:53:01,625", "level": "INFO", "message": "Fin d'extraction des donn\u00e9es des zones", "module": "extractor", "line": 90, "pathname": "c:\\Users\\habou\\Desktop\\python\\Data engineering\\FligthRadarDataPipeline\\ETL spark\\src\\extractor.py"}
{"timestamp": "2024-02-02 11:53:01,625", "level": "INFO", "message": "Fin d'extraction des donn\u00e9es des zones", "module": "extractor", "line": 90, "pathname": "c:\\Users\\habou\\Desktop\\python\\Data engineering\\FligthRadarDataPipeline\\ETL spark\\src\\extractor.py"}
{"timestamp": "2024-02-02 11:53:01,809", "level": "INFO", "message": "Donn\u00e9es de vols charg\u00e9es avec succ\u00e8s dans la rawzone", "module": "extractor", "line": 122, "pathname": "c:\\Users\\habou\\Desktop\\python\\Data engineering\\FligthRadarDataPipeline\\ETL spark\\src\\extractor.py"}
{"timestamp": "2024-02-02 11:53:01,809", "level": "INFO", "message": "Donn\u00e9es de vols charg\u00e9es avec succ\u00e8s dans la rawzone", "module": "extractor", "line": 122, "pathname": "c:\\Users\\habou\\Desktop\\python\\Data engineering\\FligthRadarDataPipeline\\ETL spark\\src\\extractor.py"}
{"timestamp": "2024-02-02 11:53:01,856", "level": "INFO", "message": "Donn\u00e9es des compagnies a\u00e9riennes charg\u00e9es avec succ\u00e8s dans la rawzone", "module": "extractor", "line": 125, "pathname": "c:\\Users\\habou\\Desktop\\python\\Data engineering\\FligthRadarDataPipeline\\ETL spark\\src\\extractor.py"}
{"timestamp": "2024-02-02 11:53:01,856", "level": "INFO", "message": "Donn\u00e9es des compagnies a\u00e9riennes charg\u00e9es avec succ\u00e8s dans la rawzone", "module": "extractor", "line": 125, "pathname": "c:\\Users\\habou\\Desktop\\python\\Data engineering\\FligthRadarDataPipeline\\ETL spark\\src\\extractor.py"}
{"timestamp": "2024-02-02 11:53:01,930", "level": "INFO", "message": "Donn\u00e9es des zones charg\u00e9es avec succ\u00e8s dans la rawzone", "module": "extractor", "line": 128, "pathname": "c:\\Users\\habou\\Desktop\\python\\Data engineering\\FligthRadarDataPipeline\\ETL spark\\src\\extractor.py"}
{"timestamp": "2024-02-02 11:53:01,930", "level": "INFO", "message": "Donn\u00e9es des zones charg\u00e9es avec succ\u00e8s dans la rawzone", "module": "extractor", "line": 128, "pathname": "c:\\Users\\habou\\Desktop\\python\\Data engineering\\FligthRadarDataPipeline\\ETL spark\\src\\extractor.py"}
{"timestamp": "2024-02-02 11:53:02,025", "level": "INFO", "message": "Donn\u00e9es des a\u00e9roports charg\u00e9es avec succ\u00e8s dans la rawzone", "module": "extractor", "line": 131, "pathname": "c:\\Users\\habou\\Desktop\\python\\Data engineering\\FligthRadarDataPipeline\\ETL spark\\src\\extractor.py"}
{"timestamp": "2024-02-02 11:53:02,025", "level": "INFO", "message": "Donn\u00e9es des a\u00e9roports charg\u00e9es avec succ\u00e8s dans la rawzone", "module": "extractor", "line": 131, "pathname": "c:\\Users\\habou\\Desktop\\python\\Data engineering\\FligthRadarDataPipeline\\ETL spark\\src\\extractor.py"}
{"timestamp": "2024-02-02 12:10:00,961", "level": "INFO", "message": "D\u00e9but d'extraction des donn\u00e9es des compagnies a\u00e9riennes", "module": "extractor", "line": 22, "pathname": "c:\\Users\\habou\\Desktop\\python\\Data engineering\\FligthRadarDataPipeline\\ETL spark\\src\\extractor.py"}
{"timestamp": "2024-02-02 12:10:00,961", "level": "INFO", "message": "D\u00e9but d'extraction des donn\u00e9es des compagnies a\u00e9riennes", "module": "extractor", "line": 22, "pathname": "c:\\Users\\habou\\Desktop\\python\\Data engineering\\FligthRadarDataPipeline\\ETL spark\\src\\extractor.py"}
{"timestamp": "2024-02-02 12:10:01,151", "level": "INFO", "message": "Fin d'extraction des donn\u00e9es des compagnies a\u00e9riennes", "module": "extractor", "line": 24, "pathname": "c:\\Users\\habou\\Desktop\\python\\Data engineering\\FligthRadarDataPipeline\\ETL spark\\src\\extractor.py"}
{"timestamp": "2024-02-02 12:10:01,151", "level": "INFO", "message": "Fin d'extraction des donn\u00e9es des compagnies a\u00e9riennes", "module": "extractor", "line": 24, "pathname": "c:\\Users\\habou\\Desktop\\python\\Data engineering\\FligthRadarDataPipeline\\ETL spark\\src\\extractor.py"}
{"timestamp": "2024-02-02 12:10:01,151", "level": "INFO", "message": "D\u00e9but d'extraction des donn\u00e9es de vols", "module": "extractor", "line": 57, "pathname": "c:\\Users\\habou\\Desktop\\python\\Data engineering\\FligthRadarDataPipeline\\ETL spark\\src\\extractor.py"}
{"timestamp": "2024-02-02 12:10:01,151", "level": "INFO", "message": "D\u00e9but d'extraction des donn\u00e9es de vols", "module": "extractor", "line": 57, "pathname": "c:\\Users\\habou\\Desktop\\python\\Data engineering\\FligthRadarDataPipeline\\ETL spark\\src\\extractor.py"}
{"timestamp": "2024-02-02 12:10:18,673", "level": "INFO", "message": "Fin d'extraction des donn\u00e9es de vols", "module": "extractor", "line": 73, "pathname": "c:\\Users\\habou\\Desktop\\python\\Data engineering\\FligthRadarDataPipeline\\ETL spark\\src\\extractor.py"}
{"timestamp": "2024-02-02 12:10:18,673", "level": "INFO", "message": "Fin d'extraction des donn\u00e9es de vols", "module": "extractor", "line": 73, "pathname": "c:\\Users\\habou\\Desktop\\python\\Data engineering\\FligthRadarDataPipeline\\ETL spark\\src\\extractor.py"}
{"timestamp": "2024-02-02 12:10:18,681", "level": "INFO", "message": "D\u00e9but d'extraction des donn\u00e9es des a\u00e9roports", "module": "extractor", "line": 38, "pathname": "c:\\Users\\habou\\Desktop\\python\\Data engineering\\FligthRadarDataPipeline\\ETL spark\\src\\extractor.py"}
{"timestamp": "2024-02-02 12:10:18,681", "level": "INFO", "message": "D\u00e9but d'extraction des donn\u00e9es des a\u00e9roports", "module": "extractor", "line": 38, "pathname": "c:\\Users\\habou\\Desktop\\python\\Data engineering\\FligthRadarDataPipeline\\ETL spark\\src\\extractor.py"}
{"timestamp": "2024-02-02 12:10:19,022", "level": "INFO", "message": "Fin d'extraction des donn\u00e9es des a\u00e9roports", "module": "extractor", "line": 40, "pathname": "c:\\Users\\habou\\Desktop\\python\\Data engineering\\FligthRadarDataPipeline\\ETL spark\\src\\extractor.py"}
{"timestamp": "2024-02-02 12:10:19,022", "level": "INFO", "message": "Fin d'extraction des donn\u00e9es des a\u00e9roports", "module": "extractor", "line": 40, "pathname": "c:\\Users\\habou\\Desktop\\python\\Data engineering\\FligthRadarDataPipeline\\ETL spark\\src\\extractor.py"}
{"timestamp": "2024-02-02 12:10:19,024", "level": "INFO", "message": "D\u00e9but d'extraction des donn\u00e9es des zones", "module": "extractor", "line": 88, "pathname": "c:\\Users\\habou\\Desktop\\python\\Data engineering\\FligthRadarDataPipeline\\ETL spark\\src\\extractor.py"}
{"timestamp": "2024-02-02 12:10:19,024", "level": "INFO", "message": "D\u00e9but d'extraction des donn\u00e9es des zones", "module": "extractor", "line": 88, "pathname": "c:\\Users\\habou\\Desktop\\python\\Data engineering\\FligthRadarDataPipeline\\ETL spark\\src\\extractor.py"}
{"timestamp": "2024-02-02 12:10:19,156", "level": "INFO", "message": "Fin d'extraction des donn\u00e9es des zones", "module": "extractor", "line": 90, "pathname": "c:\\Users\\habou\\Desktop\\python\\Data engineering\\FligthRadarDataPipeline\\ETL spark\\src\\extractor.py"}
{"timestamp": "2024-02-02 12:10:19,156", "level": "INFO", "message": "Fin d'extraction des donn\u00e9es des zones", "module": "extractor", "line": 90, "pathname": "c:\\Users\\habou\\Desktop\\python\\Data engineering\\FligthRadarDataPipeline\\ETL spark\\src\\extractor.py"}
{"timestamp": "2024-02-02 12:10:19,311", "level": "INFO", "message": "Donn\u00e9es de vols charg\u00e9es avec succ\u00e8s dans la rawzone", "module": "extractor", "line": 122, "pathname": "c:\\Users\\habou\\Desktop\\python\\Data engineering\\FligthRadarDataPipeline\\ETL spark\\src\\extractor.py"}
{"timestamp": "2024-02-02 12:10:19,311", "level": "INFO", "message": "Donn\u00e9es de vols charg\u00e9es avec succ\u00e8s dans la rawzone", "module": "extractor", "line": 122, "pathname": "c:\\Users\\habou\\Desktop\\python\\Data engineering\\FligthRadarDataPipeline\\ETL spark\\src\\extractor.py"}
{"timestamp": "2024-02-02 12:10:19,350", "level": "INFO", "message": "Donn\u00e9es des compagnies a\u00e9riennes charg\u00e9es avec succ\u00e8s dans la rawzone", "module": "extractor", "line": 125, "pathname": "c:\\Users\\habou\\Desktop\\python\\Data engineering\\FligthRadarDataPipeline\\ETL spark\\src\\extractor.py"}
{"timestamp": "2024-02-02 12:10:19,350", "level": "INFO", "message": "Donn\u00e9es des compagnies a\u00e9riennes charg\u00e9es avec succ\u00e8s dans la rawzone", "module": "extractor", "line": 125, "pathname": "c:\\Users\\habou\\Desktop\\python\\Data engineering\\FligthRadarDataPipeline\\ETL spark\\src\\extractor.py"}
{"timestamp": "2024-02-02 12:10:19,431", "level": "INFO", "message": "Donn\u00e9es des zones charg\u00e9es avec succ\u00e8s dans la rawzone", "module": "extractor", "line": 128, "pathname": "c:\\Users\\habou\\Desktop\\python\\Data engineering\\FligthRadarDataPipeline\\ETL spark\\src\\extractor.py"}
{"timestamp": "2024-02-02 12:10:19,431", "level": "INFO", "message": "Donn\u00e9es des zones charg\u00e9es avec succ\u00e8s dans la rawzone", "module": "extractor", "line": 128, "pathname": "c:\\Users\\habou\\Desktop\\python\\Data engineering\\FligthRadarDataPipeline\\ETL spark\\src\\extractor.py"}
{"timestamp": "2024-02-02 12:10:19,498", "level": "INFO", "message": "Donn\u00e9es des a\u00e9roports charg\u00e9es avec succ\u00e8s dans la rawzone", "module": "extractor", "line": 131, "pathname": "c:\\Users\\habou\\Desktop\\python\\Data engineering\\FligthRadarDataPipeline\\ETL spark\\src\\extractor.py"}
{"timestamp": "2024-02-02 12:10:19,498", "level": "INFO", "message": "Donn\u00e9es des a\u00e9roports charg\u00e9es avec succ\u00e8s dans la rawzone", "module": "extractor", "line": 131, "pathname": "c:\\Users\\habou\\Desktop\\python\\Data engineering\\FligthRadarDataPipeline\\ETL spark\\src\\extractor.py"}
{"timestamp": "2024-02-02 12:11:27,407", "level": "INFO", "message": "D\u00e9but d'extraction des donn\u00e9es des compagnies a\u00e9riennes", "module": "extractor", "line": 22, "pathname": "c:\\Users\\habou\\Desktop\\python\\Data engineering\\FligthRadarDataPipeline\\ETL spark\\src\\extractor.py"}
{"timestamp": "2024-02-02 12:11:27,407", "level": "INFO", "message": "D\u00e9but d'extraction des donn\u00e9es des compagnies a\u00e9riennes", "module": "extractor", "line": 22, "pathname": "c:\\Users\\habou\\Desktop\\python\\Data engineering\\FligthRadarDataPipeline\\ETL spark\\src\\extractor.py"}
{"timestamp": "2024-02-02 12:11:27,574", "level": "INFO", "message": "Fin d'extraction des donn\u00e9es des compagnies a\u00e9riennes", "module": "extractor", "line": 24, "pathname": "c:\\Users\\habou\\Desktop\\python\\Data engineering\\FligthRadarDataPipeline\\ETL spark\\src\\extractor.py"}
{"timestamp": "2024-02-02 12:11:27,574", "level": "INFO", "message": "Fin d'extraction des donn\u00e9es des compagnies a\u00e9riennes", "module": "extractor", "line": 24, "pathname": "c:\\Users\\habou\\Desktop\\python\\Data engineering\\FligthRadarDataPipeline\\ETL spark\\src\\extractor.py"}
{"timestamp": "2024-02-02 12:11:27,575", "level": "INFO", "message": "D\u00e9but d'extraction des donn\u00e9es de vols", "module": "extractor", "line": 57, "pathname": "c:\\Users\\habou\\Desktop\\python\\Data engineering\\FligthRadarDataPipeline\\ETL spark\\src\\extractor.py"}
{"timestamp": "2024-02-02 12:11:27,575", "level": "INFO", "message": "D\u00e9but d'extraction des donn\u00e9es de vols", "module": "extractor", "line": 57, "pathname": "c:\\Users\\habou\\Desktop\\python\\Data engineering\\FligthRadarDataPipeline\\ETL spark\\src\\extractor.py"}
{"timestamp": "2024-02-02 12:11:45,284", "level": "INFO", "message": "Fin d'extraction des donn\u00e9es de vols", "module": "extractor", "line": 73, "pathname": "c:\\Users\\habou\\Desktop\\python\\Data engineering\\FligthRadarDataPipeline\\ETL spark\\src\\extractor.py"}
{"timestamp": "2024-02-02 12:11:45,284", "level": "INFO", "message": "Fin d'extraction des donn\u00e9es de vols", "module": "extractor", "line": 73, "pathname": "c:\\Users\\habou\\Desktop\\python\\Data engineering\\FligthRadarDataPipeline\\ETL spark\\src\\extractor.py"}
{"timestamp": "2024-02-02 12:11:45,291", "level": "INFO", "message": "D\u00e9but d'extraction des donn\u00e9es des a\u00e9roports", "module": "extractor", "line": 38, "pathname": "c:\\Users\\habou\\Desktop\\python\\Data engineering\\FligthRadarDataPipeline\\ETL spark\\src\\extractor.py"}
{"timestamp": "2024-02-02 12:11:45,291", "level": "INFO", "message": "D\u00e9but d'extraction des donn\u00e9es des a\u00e9roports", "module": "extractor", "line": 38, "pathname": "c:\\Users\\habou\\Desktop\\python\\Data engineering\\FligthRadarDataPipeline\\ETL spark\\src\\extractor.py"}
{"timestamp": "2024-02-02 12:11:45,524", "level": "INFO", "message": "Fin d'extraction des donn\u00e9es des a\u00e9roports", "module": "extractor", "line": 40, "pathname": "c:\\Users\\habou\\Desktop\\python\\Data engineering\\FligthRadarDataPipeline\\ETL spark\\src\\extractor.py"}
{"timestamp": "2024-02-02 12:11:45,524", "level": "INFO", "message": "Fin d'extraction des donn\u00e9es des a\u00e9roports", "module": "extractor", "line": 40, "pathname": "c:\\Users\\habou\\Desktop\\python\\Data engineering\\FligthRadarDataPipeline\\ETL spark\\src\\extractor.py"}
{"timestamp": "2024-02-02 12:11:45,525", "level": "INFO", "message": "D\u00e9but d'extraction des donn\u00e9es des zones", "module": "extractor", "line": 88, "pathname": "c:\\Users\\habou\\Desktop\\python\\Data engineering\\FligthRadarDataPipeline\\ETL spark\\src\\extractor.py"}
{"timestamp": "2024-02-02 12:11:45,525", "level": "INFO", "message": "D\u00e9but d'extraction des donn\u00e9es des zones", "module": "extractor", "line": 88, "pathname": "c:\\Users\\habou\\Desktop\\python\\Data engineering\\FligthRadarDataPipeline\\ETL spark\\src\\extractor.py"}
{"timestamp": "2024-02-02 12:11:45,654", "level": "INFO", "message": "Fin d'extraction des donn\u00e9es des zones", "module": "extractor", "line": 90, "pathname": "c:\\Users\\habou\\Desktop\\python\\Data engineering\\FligthRadarDataPipeline\\ETL spark\\src\\extractor.py"}
{"timestamp": "2024-02-02 12:11:45,654", "level": "INFO", "message": "Fin d'extraction des donn\u00e9es des zones", "module": "extractor", "line": 90, "pathname": "c:\\Users\\habou\\Desktop\\python\\Data engineering\\FligthRadarDataPipeline\\ETL spark\\src\\extractor.py"}
{"timestamp": "2024-02-02 12:11:45,807", "level": "INFO", "message": "Donn\u00e9es de vols charg\u00e9es avec succ\u00e8s dans la rawzone", "module": "extractor", "line": 122, "pathname": "c:\\Users\\habou\\Desktop\\python\\Data engineering\\FligthRadarDataPipeline\\ETL spark\\src\\extractor.py"}
{"timestamp": "2024-02-02 12:11:45,807", "level": "INFO", "message": "Donn\u00e9es de vols charg\u00e9es avec succ\u00e8s dans la rawzone", "module": "extractor", "line": 122, "pathname": "c:\\Users\\habou\\Desktop\\python\\Data engineering\\FligthRadarDataPipeline\\ETL spark\\src\\extractor.py"}
{"timestamp": "2024-02-02 12:11:45,841", "level": "INFO", "message": "Donn\u00e9es des compagnies a\u00e9riennes charg\u00e9es avec succ\u00e8s dans la rawzone", "module": "extractor", "line": 125, "pathname": "c:\\Users\\habou\\Desktop\\python\\Data engineering\\FligthRadarDataPipeline\\ETL spark\\src\\extractor.py"}
{"timestamp": "2024-02-02 12:11:45,841", "level": "INFO", "message": "Donn\u00e9es des compagnies a\u00e9riennes charg\u00e9es avec succ\u00e8s dans la rawzone", "module": "extractor", "line": 125, "pathname": "c:\\Users\\habou\\Desktop\\python\\Data engineering\\FligthRadarDataPipeline\\ETL spark\\src\\extractor.py"}
{"timestamp": "2024-02-02 12:11:45,863", "level": "INFO", "message": "Donn\u00e9es des zones charg\u00e9es avec succ\u00e8s dans la rawzone", "module": "extractor", "line": 128, "pathname": "c:\\Users\\habou\\Desktop\\python\\Data engineering\\FligthRadarDataPipeline\\ETL spark\\src\\extractor.py"}
{"timestamp": "2024-02-02 12:11:45,863", "level": "INFO", "message": "Donn\u00e9es des zones charg\u00e9es avec succ\u00e8s dans la rawzone", "module": "extractor", "line": 128, "pathname": "c:\\Users\\habou\\Desktop\\python\\Data engineering\\FligthRadarDataPipeline\\ETL spark\\src\\extractor.py"}
{"timestamp": "2024-02-02 12:11:45,925", "level": "INFO", "message": "Donn\u00e9es des a\u00e9roports charg\u00e9es avec succ\u00e8s dans la rawzone", "module": "extractor", "line": 131, "pathname": "c:\\Users\\habou\\Desktop\\python\\Data engineering\\FligthRadarDataPipeline\\ETL spark\\src\\extractor.py"}
{"timestamp": "2024-02-02 12:11:45,925", "level": "INFO", "message": "Donn\u00e9es des a\u00e9roports charg\u00e9es avec succ\u00e8s dans la rawzone", "module": "extractor", "line": 131, "pathname": "c:\\Users\\habou\\Desktop\\python\\Data engineering\\FligthRadarDataPipeline\\ETL spark\\src\\extractor.py"}
{"timestamp": "2024-02-02 12:13:40,669", "level": "INFO", "message": "D\u00e9but d'extraction des donn\u00e9es des compagnies a\u00e9riennes", "module": "extractor", "line": 22, "pathname": "c:\\Users\\habou\\Desktop\\python\\Data engineering\\FligthRadarDataPipeline\\ETL spark\\src\\extractor.py"}
{"timestamp": "2024-02-02 12:13:40,669", "level": "INFO", "message": "D\u00e9but d'extraction des donn\u00e9es des compagnies a\u00e9riennes", "module": "extractor", "line": 22, "pathname": "c:\\Users\\habou\\Desktop\\python\\Data engineering\\FligthRadarDataPipeline\\ETL spark\\src\\extractor.py"}
{"timestamp": "2024-02-02 12:13:40,848", "level": "INFO", "message": "Fin d'extraction des donn\u00e9es des compagnies a\u00e9riennes", "module": "extractor", "line": 24, "pathname": "c:\\Users\\habou\\Desktop\\python\\Data engineering\\FligthRadarDataPipeline\\ETL spark\\src\\extractor.py"}
{"timestamp": "2024-02-02 12:13:40,848", "level": "INFO", "message": "Fin d'extraction des donn\u00e9es des compagnies a\u00e9riennes", "module": "extractor", "line": 24, "pathname": "c:\\Users\\habou\\Desktop\\python\\Data engineering\\FligthRadarDataPipeline\\ETL spark\\src\\extractor.py"}
{"timestamp": "2024-02-02 12:13:40,849", "level": "INFO", "message": "D\u00e9but d'extraction des donn\u00e9es de vols", "module": "extractor", "line": 58, "pathname": "c:\\Users\\habou\\Desktop\\python\\Data engineering\\FligthRadarDataPipeline\\ETL spark\\src\\extractor.py"}
{"timestamp": "2024-02-02 12:13:40,849", "level": "INFO", "message": "D\u00e9but d'extraction des donn\u00e9es de vols", "module": "extractor", "line": 58, "pathname": "c:\\Users\\habou\\Desktop\\python\\Data engineering\\FligthRadarDataPipeline\\ETL spark\\src\\extractor.py"}
{"timestamp": "2024-02-02 12:13:54,694", "level": "INFO", "message": "Fin d'extraction des donn\u00e9es de vols", "module": "extractor", "line": 74, "pathname": "c:\\Users\\habou\\Desktop\\python\\Data engineering\\FligthRadarDataPipeline\\ETL spark\\src\\extractor.py"}
{"timestamp": "2024-02-02 12:13:54,694", "level": "INFO", "message": "Fin d'extraction des donn\u00e9es de vols", "module": "extractor", "line": 74, "pathname": "c:\\Users\\habou\\Desktop\\python\\Data engineering\\FligthRadarDataPipeline\\ETL spark\\src\\extractor.py"}
{"timestamp": "2024-02-02 12:13:54,700", "level": "INFO", "message": "D\u00e9but d'extraction des donn\u00e9es des a\u00e9roports", "module": "extractor", "line": 38, "pathname": "c:\\Users\\habou\\Desktop\\python\\Data engineering\\FligthRadarDataPipeline\\ETL spark\\src\\extractor.py"}
{"timestamp": "2024-02-02 12:13:54,700", "level": "INFO", "message": "D\u00e9but d'extraction des donn\u00e9es des a\u00e9roports", "module": "extractor", "line": 38, "pathname": "c:\\Users\\habou\\Desktop\\python\\Data engineering\\FligthRadarDataPipeline\\ETL spark\\src\\extractor.py"}
{"timestamp": "2024-02-02 12:13:54,954", "level": "INFO", "message": "Fin d'extraction des donn\u00e9es des a\u00e9roports", "module": "extractor", "line": 41, "pathname": "c:\\Users\\habou\\Desktop\\python\\Data engineering\\FligthRadarDataPipeline\\ETL spark\\src\\extractor.py"}
{"timestamp": "2024-02-02 12:13:54,954", "level": "INFO", "message": "Fin d'extraction des donn\u00e9es des a\u00e9roports", "module": "extractor", "line": 41, "pathname": "c:\\Users\\habou\\Desktop\\python\\Data engineering\\FligthRadarDataPipeline\\ETL spark\\src\\extractor.py"}
{"timestamp": "2024-02-02 12:13:54,955", "level": "INFO", "message": "D\u00e9but d'extraction des donn\u00e9es des zones", "module": "extractor", "line": 89, "pathname": "c:\\Users\\habou\\Desktop\\python\\Data engineering\\FligthRadarDataPipeline\\ETL spark\\src\\extractor.py"}
{"timestamp": "2024-02-02 12:13:54,955", "level": "INFO", "message": "D\u00e9but d'extraction des donn\u00e9es des zones", "module": "extractor", "line": 89, "pathname": "c:\\Users\\habou\\Desktop\\python\\Data engineering\\FligthRadarDataPipeline\\ETL spark\\src\\extractor.py"}
{"timestamp": "2024-02-02 12:13:55,188", "level": "INFO", "message": "Fin d'extraction des donn\u00e9es des zones", "module": "extractor", "line": 91, "pathname": "c:\\Users\\habou\\Desktop\\python\\Data engineering\\FligthRadarDataPipeline\\ETL spark\\src\\extractor.py"}
{"timestamp": "2024-02-02 12:13:55,188", "level": "INFO", "message": "Fin d'extraction des donn\u00e9es des zones", "module": "extractor", "line": 91, "pathname": "c:\\Users\\habou\\Desktop\\python\\Data engineering\\FligthRadarDataPipeline\\ETL spark\\src\\extractor.py"}
{"timestamp": "2024-02-02 12:13:55,343", "level": "INFO", "message": "Donn\u00e9es de vols charg\u00e9es avec succ\u00e8s dans la rawzone", "module": "extractor", "line": 123, "pathname": "c:\\Users\\habou\\Desktop\\python\\Data engineering\\FligthRadarDataPipeline\\ETL spark\\src\\extractor.py"}
{"timestamp": "2024-02-02 12:13:55,343", "level": "INFO", "message": "Donn\u00e9es de vols charg\u00e9es avec succ\u00e8s dans la rawzone", "module": "extractor", "line": 123, "pathname": "c:\\Users\\habou\\Desktop\\python\\Data engineering\\FligthRadarDataPipeline\\ETL spark\\src\\extractor.py"}
{"timestamp": "2024-02-02 12:13:55,376", "level": "INFO", "message": "Donn\u00e9es des compagnies a\u00e9riennes charg\u00e9es avec succ\u00e8s dans la rawzone", "module": "extractor", "line": 126, "pathname": "c:\\Users\\habou\\Desktop\\python\\Data engineering\\FligthRadarDataPipeline\\ETL spark\\src\\extractor.py"}
{"timestamp": "2024-02-02 12:13:55,376", "level": "INFO", "message": "Donn\u00e9es des compagnies a\u00e9riennes charg\u00e9es avec succ\u00e8s dans la rawzone", "module": "extractor", "line": 126, "pathname": "c:\\Users\\habou\\Desktop\\python\\Data engineering\\FligthRadarDataPipeline\\ETL spark\\src\\extractor.py"}
{"timestamp": "2024-02-02 12:13:55,446", "level": "INFO", "message": "Donn\u00e9es des zones charg\u00e9es avec succ\u00e8s dans la rawzone", "module": "extractor", "line": 129, "pathname": "c:\\Users\\habou\\Desktop\\python\\Data engineering\\FligthRadarDataPipeline\\ETL spark\\src\\extractor.py"}
{"timestamp": "2024-02-02 12:13:55,446", "level": "INFO", "message": "Donn\u00e9es des zones charg\u00e9es avec succ\u00e8s dans la rawzone", "module": "extractor", "line": 129, "pathname": "c:\\Users\\habou\\Desktop\\python\\Data engineering\\FligthRadarDataPipeline\\ETL spark\\src\\extractor.py"}
{"timestamp": "2024-02-02 12:13:55,518", "level": "INFO", "message": "Donn\u00e9es des a\u00e9roports charg\u00e9es avec succ\u00e8s dans la rawzone", "module": "extractor", "line": 132, "pathname": "c:\\Users\\habou\\Desktop\\python\\Data engineering\\FligthRadarDataPipeline\\ETL spark\\src\\extractor.py"}
{"timestamp": "2024-02-02 12:13:55,518", "level": "INFO", "message": "Donn\u00e9es des a\u00e9roports charg\u00e9es avec succ\u00e8s dans la rawzone", "module": "extractor", "line": 132, "pathname": "c:\\Users\\habou\\Desktop\\python\\Data engineering\\FligthRadarDataPipeline\\ETL spark\\src\\extractor.py"}
{"timestamp": "2024-02-02 19:57:25,936", "level": "INFO", "message": "D\u00e9but d'extraction des donn\u00e9es des compagnies a\u00e9riennes", "module": "extractor", "line": 22, "pathname": "c:\\Users\\habou\\Desktop\\python\\Data engineering\\FligthRadarDataPipeline\\ETL spark\\src\\extractor.py"}
{"timestamp": "2024-02-02 19:57:25,936", "level": "INFO", "message": "D\u00e9but d'extraction des donn\u00e9es des compagnies a\u00e9riennes", "module": "extractor", "line": 22, "pathname": "c:\\Users\\habou\\Desktop\\python\\Data engineering\\FligthRadarDataPipeline\\ETL spark\\src\\extractor.py"}
{"timestamp": "2024-02-02 19:57:26,158", "level": "INFO", "message": "Fin d'extraction des donn\u00e9es des compagnies a\u00e9riennes", "module": "extractor", "line": 24, "pathname": "c:\\Users\\habou\\Desktop\\python\\Data engineering\\FligthRadarDataPipeline\\ETL spark\\src\\extractor.py"}
{"timestamp": "2024-02-02 19:57:26,158", "level": "INFO", "message": "Fin d'extraction des donn\u00e9es des compagnies a\u00e9riennes", "module": "extractor", "line": 24, "pathname": "c:\\Users\\habou\\Desktop\\python\\Data engineering\\FligthRadarDataPipeline\\ETL spark\\src\\extractor.py"}
{"timestamp": "2024-02-02 19:57:26,158", "level": "INFO", "message": "D\u00e9but d'extraction des donn\u00e9es de vols", "module": "extractor", "line": 57, "pathname": "c:\\Users\\habou\\Desktop\\python\\Data engineering\\FligthRadarDataPipeline\\ETL spark\\src\\extractor.py"}
{"timestamp": "2024-02-02 19:57:26,158", "level": "INFO", "message": "D\u00e9but d'extraction des donn\u00e9es de vols", "module": "extractor", "line": 57, "pathname": "c:\\Users\\habou\\Desktop\\python\\Data engineering\\FligthRadarDataPipeline\\ETL spark\\src\\extractor.py"}
{"timestamp": "2024-02-02 19:57:41,111", "level": "INFO", "message": "Fin d'extraction des donn\u00e9es de vols", "module": "extractor", "line": 73, "pathname": "c:\\Users\\habou\\Desktop\\python\\Data engineering\\FligthRadarDataPipeline\\ETL spark\\src\\extractor.py"}
{"timestamp": "2024-02-02 19:57:41,111", "level": "INFO", "message": "Fin d'extraction des donn\u00e9es de vols", "module": "extractor", "line": 73, "pathname": "c:\\Users\\habou\\Desktop\\python\\Data engineering\\FligthRadarDataPipeline\\ETL spark\\src\\extractor.py"}
{"timestamp": "2024-02-02 19:57:41,114", "level": "INFO", "message": "D\u00e9but d'extraction des donn\u00e9es des a\u00e9roports", "module": "extractor", "line": 38, "pathname": "c:\\Users\\habou\\Desktop\\python\\Data engineering\\FligthRadarDataPipeline\\ETL spark\\src\\extractor.py"}
{"timestamp": "2024-02-02 19:57:41,114", "level": "INFO", "message": "D\u00e9but d'extraction des donn\u00e9es des a\u00e9roports", "module": "extractor", "line": 38, "pathname": "c:\\Users\\habou\\Desktop\\python\\Data engineering\\FligthRadarDataPipeline\\ETL spark\\src\\extractor.py"}
{"timestamp": "2024-02-02 19:57:41,391", "level": "INFO", "message": "Fin d'extraction des donn\u00e9es des a\u00e9roports", "module": "extractor", "line": 40, "pathname": "c:\\Users\\habou\\Desktop\\python\\Data engineering\\FligthRadarDataPipeline\\ETL spark\\src\\extractor.py"}
{"timestamp": "2024-02-02 19:57:41,391", "level": "INFO", "message": "Fin d'extraction des donn\u00e9es des a\u00e9roports", "module": "extractor", "line": 40, "pathname": "c:\\Users\\habou\\Desktop\\python\\Data engineering\\FligthRadarDataPipeline\\ETL spark\\src\\extractor.py"}
{"timestamp": "2024-02-02 19:57:41,419", "level": "INFO", "message": "D\u00e9but d'extraction des donn\u00e9es des zones", "module": "extractor", "line": 88, "pathname": "c:\\Users\\habou\\Desktop\\python\\Data engineering\\FligthRadarDataPipeline\\ETL spark\\src\\extractor.py"}
{"timestamp": "2024-02-02 19:57:41,419", "level": "INFO", "message": "D\u00e9but d'extraction des donn\u00e9es des zones", "module": "extractor", "line": 88, "pathname": "c:\\Users\\habou\\Desktop\\python\\Data engineering\\FligthRadarDataPipeline\\ETL spark\\src\\extractor.py"}
{"timestamp": "2024-02-02 19:57:41,525", "level": "INFO", "message": "Fin d'extraction des donn\u00e9es des zones", "module": "extractor", "line": 90, "pathname": "c:\\Users\\habou\\Desktop\\python\\Data engineering\\FligthRadarDataPipeline\\ETL spark\\src\\extractor.py"}
{"timestamp": "2024-02-02 19:57:41,525", "level": "INFO", "message": "Fin d'extraction des donn\u00e9es des zones", "module": "extractor", "line": 90, "pathname": "c:\\Users\\habou\\Desktop\\python\\Data engineering\\FligthRadarDataPipeline\\ETL spark\\src\\extractor.py"}
{"timestamp": "2024-02-02 19:57:41,712", "level": "INFO", "message": "Donn\u00e9es de vols charg\u00e9es avec succ\u00e8s dans la rawzone", "module": "extractor", "line": 122, "pathname": "c:\\Users\\habou\\Desktop\\python\\Data engineering\\FligthRadarDataPipeline\\ETL spark\\src\\extractor.py"}
{"timestamp": "2024-02-02 19:57:41,712", "level": "INFO", "message": "Donn\u00e9es de vols charg\u00e9es avec succ\u00e8s dans la rawzone", "module": "extractor", "line": 122, "pathname": "c:\\Users\\habou\\Desktop\\python\\Data engineering\\FligthRadarDataPipeline\\ETL spark\\src\\extractor.py"}
{"timestamp": "2024-02-02 19:57:41,750", "level": "INFO", "message": "Donn\u00e9es des compagnies a\u00e9riennes charg\u00e9es avec succ\u00e8s dans la rawzone", "module": "extractor", "line": 125, "pathname": "c:\\Users\\habou\\Desktop\\python\\Data engineering\\FligthRadarDataPipeline\\ETL spark\\src\\extractor.py"}
{"timestamp": "2024-02-02 19:57:41,750", "level": "INFO", "message": "Donn\u00e9es des compagnies a\u00e9riennes charg\u00e9es avec succ\u00e8s dans la rawzone", "module": "extractor", "line": 125, "pathname": "c:\\Users\\habou\\Desktop\\python\\Data engineering\\FligthRadarDataPipeline\\ETL spark\\src\\extractor.py"}
{"timestamp": "2024-02-02 19:57:41,827", "level": "INFO", "message": "Donn\u00e9es des zones charg\u00e9es avec succ\u00e8s dans la rawzone", "module": "extractor", "line": 128, "pathname": "c:\\Users\\habou\\Desktop\\python\\Data engineering\\FligthRadarDataPipeline\\ETL spark\\src\\extractor.py"}
{"timestamp": "2024-02-02 19:57:41,827", "level": "INFO", "message": "Donn\u00e9es des zones charg\u00e9es avec succ\u00e8s dans la rawzone", "module": "extractor", "line": 128, "pathname": "c:\\Users\\habou\\Desktop\\python\\Data engineering\\FligthRadarDataPipeline\\ETL spark\\src\\extractor.py"}
{"timestamp": "2024-02-02 19:57:41,929", "level": "INFO", "message": "Donn\u00e9es des a\u00e9roports charg\u00e9es avec succ\u00e8s dans la rawzone", "module": "extractor", "line": 131, "pathname": "c:\\Users\\habou\\Desktop\\python\\Data engineering\\FligthRadarDataPipeline\\ETL spark\\src\\extractor.py"}
{"timestamp": "2024-02-02 19:57:41,929", "level": "INFO", "message": "Donn\u00e9es des a\u00e9roports charg\u00e9es avec succ\u00e8s dans la rawzone", "module": "extractor", "line": 131, "pathname": "c:\\Users\\habou\\Desktop\\python\\Data engineering\\FligthRadarDataPipeline\\ETL spark\\src\\extractor.py"}
{"timestamp": "2024-02-02 19:58:58,219", "level": "INFO", "message": "D\u00e9but d'extraction des donn\u00e9es des compagnies a\u00e9riennes", "module": "extractor", "line": 22, "pathname": "c:\\Users\\habou\\Desktop\\python\\Data engineering\\FligthRadarDataPipeline\\ETL spark\\src\\extractor.py"}
{"timestamp": "2024-02-02 19:58:58,219", "level": "INFO", "message": "D\u00e9but d'extraction des donn\u00e9es des compagnies a\u00e9riennes", "module": "extractor", "line": 22, "pathname": "c:\\Users\\habou\\Desktop\\python\\Data engineering\\FligthRadarDataPipeline\\ETL spark\\src\\extractor.py"}
{"timestamp": "2024-02-02 19:58:58,391", "level": "INFO", "message": "Fin d'extraction des donn\u00e9es des compagnies a\u00e9riennes", "module": "extractor", "line": 24, "pathname": "c:\\Users\\habou\\Desktop\\python\\Data engineering\\FligthRadarDataPipeline\\ETL spark\\src\\extractor.py"}
{"timestamp": "2024-02-02 19:58:58,391", "level": "INFO", "message": "Fin d'extraction des donn\u00e9es des compagnies a\u00e9riennes", "module": "extractor", "line": 24, "pathname": "c:\\Users\\habou\\Desktop\\python\\Data engineering\\FligthRadarDataPipeline\\ETL spark\\src\\extractor.py"}
{"timestamp": "2024-02-02 19:58:58,392", "level": "INFO", "message": "D\u00e9but d'extraction des donn\u00e9es de vols", "module": "extractor", "line": 57, "pathname": "c:\\Users\\habou\\Desktop\\python\\Data engineering\\FligthRadarDataPipeline\\ETL spark\\src\\extractor.py"}
{"timestamp": "2024-02-02 19:58:58,392", "level": "INFO", "message": "D\u00e9but d'extraction des donn\u00e9es de vols", "module": "extractor", "line": 57, "pathname": "c:\\Users\\habou\\Desktop\\python\\Data engineering\\FligthRadarDataPipeline\\ETL spark\\src\\extractor.py"}
{"timestamp": "2024-02-02 19:59:14,203", "level": "INFO", "message": "Fin d'extraction des donn\u00e9es de vols", "module": "extractor", "line": 73, "pathname": "c:\\Users\\habou\\Desktop\\python\\Data engineering\\FligthRadarDataPipeline\\ETL spark\\src\\extractor.py"}
{"timestamp": "2024-02-02 19:59:14,203", "level": "INFO", "message": "Fin d'extraction des donn\u00e9es de vols", "module": "extractor", "line": 73, "pathname": "c:\\Users\\habou\\Desktop\\python\\Data engineering\\FligthRadarDataPipeline\\ETL spark\\src\\extractor.py"}
{"timestamp": "2024-02-02 19:59:14,216", "level": "INFO", "message": "D\u00e9but d'extraction des donn\u00e9es des a\u00e9roports", "module": "extractor", "line": 38, "pathname": "c:\\Users\\habou\\Desktop\\python\\Data engineering\\FligthRadarDataPipeline\\ETL spark\\src\\extractor.py"}
{"timestamp": "2024-02-02 19:59:14,216", "level": "INFO", "message": "D\u00e9but d'extraction des donn\u00e9es des a\u00e9roports", "module": "extractor", "line": 38, "pathname": "c:\\Users\\habou\\Desktop\\python\\Data engineering\\FligthRadarDataPipeline\\ETL spark\\src\\extractor.py"}
{"timestamp": "2024-02-02 19:59:14,537", "level": "INFO", "message": "Fin d'extraction des donn\u00e9es des a\u00e9roports", "module": "extractor", "line": 40, "pathname": "c:\\Users\\habou\\Desktop\\python\\Data engineering\\FligthRadarDataPipeline\\ETL spark\\src\\extractor.py"}
{"timestamp": "2024-02-02 19:59:14,537", "level": "INFO", "message": "Fin d'extraction des donn\u00e9es des a\u00e9roports", "module": "extractor", "line": 40, "pathname": "c:\\Users\\habou\\Desktop\\python\\Data engineering\\FligthRadarDataPipeline\\ETL spark\\src\\extractor.py"}
{"timestamp": "2024-02-02 19:59:14,584", "level": "INFO", "message": "D\u00e9but d'extraction des donn\u00e9es des zones", "module": "extractor", "line": 88, "pathname": "c:\\Users\\habou\\Desktop\\python\\Data engineering\\FligthRadarDataPipeline\\ETL spark\\src\\extractor.py"}
{"timestamp": "2024-02-02 19:59:14,584", "level": "INFO", "message": "D\u00e9but d'extraction des donn\u00e9es des zones", "module": "extractor", "line": 88, "pathname": "c:\\Users\\habou\\Desktop\\python\\Data engineering\\FligthRadarDataPipeline\\ETL spark\\src\\extractor.py"}
{"timestamp": "2024-02-02 19:59:14,746", "level": "INFO", "message": "Fin d'extraction des donn\u00e9es des zones", "module": "extractor", "line": 90, "pathname": "c:\\Users\\habou\\Desktop\\python\\Data engineering\\FligthRadarDataPipeline\\ETL spark\\src\\extractor.py"}
{"timestamp": "2024-02-02 19:59:14,746", "level": "INFO", "message": "Fin d'extraction des donn\u00e9es des zones", "module": "extractor", "line": 90, "pathname": "c:\\Users\\habou\\Desktop\\python\\Data engineering\\FligthRadarDataPipeline\\ETL spark\\src\\extractor.py"}
{"timestamp": "2024-02-02 19:59:14,934", "level": "INFO", "message": "Donn\u00e9es de vols charg\u00e9es avec succ\u00e8s dans la rawzone", "module": "extractor", "line": 122, "pathname": "c:\\Users\\habou\\Desktop\\python\\Data engineering\\FligthRadarDataPipeline\\ETL spark\\src\\extractor.py"}
{"timestamp": "2024-02-02 19:59:14,934", "level": "INFO", "message": "Donn\u00e9es de vols charg\u00e9es avec succ\u00e8s dans la rawzone", "module": "extractor", "line": 122, "pathname": "c:\\Users\\habou\\Desktop\\python\\Data engineering\\FligthRadarDataPipeline\\ETL spark\\src\\extractor.py"}
{"timestamp": "2024-02-02 19:59:15,126", "level": "INFO", "message": "Donn\u00e9es des compagnies a\u00e9riennes charg\u00e9es avec succ\u00e8s dans la rawzone", "module": "extractor", "line": 125, "pathname": "c:\\Users\\habou\\Desktop\\python\\Data engineering\\FligthRadarDataPipeline\\ETL spark\\src\\extractor.py"}
{"timestamp": "2024-02-02 19:59:15,126", "level": "INFO", "message": "Donn\u00e9es des compagnies a\u00e9riennes charg\u00e9es avec succ\u00e8s dans la rawzone", "module": "extractor", "line": 125, "pathname": "c:\\Users\\habou\\Desktop\\python\\Data engineering\\FligthRadarDataPipeline\\ETL spark\\src\\extractor.py"}
{"timestamp": "2024-02-02 19:59:15,199", "level": "INFO", "message": "Donn\u00e9es des zones charg\u00e9es avec succ\u00e8s dans la rawzone", "module": "extractor", "line": 128, "pathname": "c:\\Users\\habou\\Desktop\\python\\Data engineering\\FligthRadarDataPipeline\\ETL spark\\src\\extractor.py"}
{"timestamp": "2024-02-02 19:59:15,199", "level": "INFO", "message": "Donn\u00e9es des zones charg\u00e9es avec succ\u00e8s dans la rawzone", "module": "extractor", "line": 128, "pathname": "c:\\Users\\habou\\Desktop\\python\\Data engineering\\FligthRadarDataPipeline\\ETL spark\\src\\extractor.py"}
{"timestamp": "2024-02-02 19:59:15,339", "level": "INFO", "message": "Donn\u00e9es des a\u00e9roports charg\u00e9es avec succ\u00e8s dans la rawzone", "module": "extractor", "line": 131, "pathname": "c:\\Users\\habou\\Desktop\\python\\Data engineering\\FligthRadarDataPipeline\\ETL spark\\src\\extractor.py"}
{"timestamp": "2024-02-02 19:59:15,339", "level": "INFO", "message": "Donn\u00e9es des a\u00e9roports charg\u00e9es avec succ\u00e8s dans la rawzone", "module": "extractor", "line": 131, "pathname": "c:\\Users\\habou\\Desktop\\python\\Data engineering\\FligthRadarDataPipeline\\ETL spark\\src\\extractor.py"}
{"timestamp": "2024-02-03 12:07:33,300", "level": "INFO", "message": "D\u00e9but d'extraction des donn\u00e9es des compagnies a\u00e9riennes", "module": "extractor", "line": 22, "pathname": "c:\\Users\\habou\\Desktop\\python\\Data engineering\\FligthRadarDataPipeline\\ETL spark\\src\\extractor.py"}
{"timestamp": "2024-02-03 12:07:33,300", "level": "INFO", "message": "D\u00e9but d'extraction des donn\u00e9es des compagnies a\u00e9riennes", "module": "extractor", "line": 22, "pathname": "c:\\Users\\habou\\Desktop\\python\\Data engineering\\FligthRadarDataPipeline\\ETL spark\\src\\extractor.py"}
{"timestamp": "2024-02-03 12:07:33,589", "level": "INFO", "message": "Fin d'extraction des donn\u00e9es des compagnies a\u00e9riennes", "module": "extractor", "line": 24, "pathname": "c:\\Users\\habou\\Desktop\\python\\Data engineering\\FligthRadarDataPipeline\\ETL spark\\src\\extractor.py"}
{"timestamp": "2024-02-03 12:07:33,589", "level": "INFO", "message": "Fin d'extraction des donn\u00e9es des compagnies a\u00e9riennes", "module": "extractor", "line": 24, "pathname": "c:\\Users\\habou\\Desktop\\python\\Data engineering\\FligthRadarDataPipeline\\ETL spark\\src\\extractor.py"}
{"timestamp": "2024-02-03 12:07:33,589", "level": "INFO", "message": "D\u00e9but d'extraction des donn\u00e9es de vols", "module": "extractor", "line": 57, "pathname": "c:\\Users\\habou\\Desktop\\python\\Data engineering\\FligthRadarDataPipeline\\ETL spark\\src\\extractor.py"}
{"timestamp": "2024-02-03 12:07:33,589", "level": "INFO", "message": "D\u00e9but d'extraction des donn\u00e9es de vols", "module": "extractor", "line": 57, "pathname": "c:\\Users\\habou\\Desktop\\python\\Data engineering\\FligthRadarDataPipeline\\ETL spark\\src\\extractor.py"}
{"timestamp": "2024-02-03 12:07:44,919", "level": "INFO", "message": "Fin d'extraction des donn\u00e9es de vols", "module": "extractor", "line": 73, "pathname": "c:\\Users\\habou\\Desktop\\python\\Data engineering\\FligthRadarDataPipeline\\ETL spark\\src\\extractor.py"}
{"timestamp": "2024-02-03 12:07:44,919", "level": "INFO", "message": "Fin d'extraction des donn\u00e9es de vols", "module": "extractor", "line": 73, "pathname": "c:\\Users\\habou\\Desktop\\python\\Data engineering\\FligthRadarDataPipeline\\ETL spark\\src\\extractor.py"}
{"timestamp": "2024-02-03 12:07:44,928", "level": "INFO", "message": "D\u00e9but d'extraction des donn\u00e9es des a\u00e9roports", "module": "extractor", "line": 38, "pathname": "c:\\Users\\habou\\Desktop\\python\\Data engineering\\FligthRadarDataPipeline\\ETL spark\\src\\extractor.py"}
{"timestamp": "2024-02-03 12:07:44,928", "level": "INFO", "message": "D\u00e9but d'extraction des donn\u00e9es des a\u00e9roports", "module": "extractor", "line": 38, "pathname": "c:\\Users\\habou\\Desktop\\python\\Data engineering\\FligthRadarDataPipeline\\ETL spark\\src\\extractor.py"}
{"timestamp": "2024-02-03 12:07:45,218", "level": "INFO", "message": "Fin d'extraction des donn\u00e9es des a\u00e9roports", "module": "extractor", "line": 40, "pathname": "c:\\Users\\habou\\Desktop\\python\\Data engineering\\FligthRadarDataPipeline\\ETL spark\\src\\extractor.py"}
{"timestamp": "2024-02-03 12:07:45,218", "level": "INFO", "message": "Fin d'extraction des donn\u00e9es des a\u00e9roports", "module": "extractor", "line": 40, "pathname": "c:\\Users\\habou\\Desktop\\python\\Data engineering\\FligthRadarDataPipeline\\ETL spark\\src\\extractor.py"}
{"timestamp": "2024-02-03 12:07:45,258", "level": "INFO", "message": "D\u00e9but d'extraction des donn\u00e9es des zones", "module": "extractor", "line": 88, "pathname": "c:\\Users\\habou\\Desktop\\python\\Data engineering\\FligthRadarDataPipeline\\ETL spark\\src\\extractor.py"}
{"timestamp": "2024-02-03 12:07:45,258", "level": "INFO", "message": "D\u00e9but d'extraction des donn\u00e9es des zones", "module": "extractor", "line": 88, "pathname": "c:\\Users\\habou\\Desktop\\python\\Data engineering\\FligthRadarDataPipeline\\ETL spark\\src\\extractor.py"}
{"timestamp": "2024-02-03 12:07:45,387", "level": "INFO", "message": "Fin d'extraction des donn\u00e9es des zones", "module": "extractor", "line": 90, "pathname": "c:\\Users\\habou\\Desktop\\python\\Data engineering\\FligthRadarDataPipeline\\ETL spark\\src\\extractor.py"}
{"timestamp": "2024-02-03 12:07:45,387", "level": "INFO", "message": "Fin d'extraction des donn\u00e9es des zones", "module": "extractor", "line": 90, "pathname": "c:\\Users\\habou\\Desktop\\python\\Data engineering\\FligthRadarDataPipeline\\ETL spark\\src\\extractor.py"}
{"timestamp": "2024-02-03 12:07:45,626", "level": "INFO", "message": "Donn\u00e9es de vols charg\u00e9es avec succ\u00e8s dans la rawzone", "module": "extractor", "line": 122, "pathname": "c:\\Users\\habou\\Desktop\\python\\Data engineering\\FligthRadarDataPipeline\\ETL spark\\src\\extractor.py"}
{"timestamp": "2024-02-03 12:07:45,626", "level": "INFO", "message": "Donn\u00e9es de vols charg\u00e9es avec succ\u00e8s dans la rawzone", "module": "extractor", "line": 122, "pathname": "c:\\Users\\habou\\Desktop\\python\\Data engineering\\FligthRadarDataPipeline\\ETL spark\\src\\extractor.py"}
{"timestamp": "2024-02-03 12:07:45,687", "level": "INFO", "message": "Donn\u00e9es des compagnies a\u00e9riennes charg\u00e9es avec succ\u00e8s dans la rawzone", "module": "extractor", "line": 125, "pathname": "c:\\Users\\habou\\Desktop\\python\\Data engineering\\FligthRadarDataPipeline\\ETL spark\\src\\extractor.py"}
{"timestamp": "2024-02-03 12:07:45,687", "level": "INFO", "message": "Donn\u00e9es des compagnies a\u00e9riennes charg\u00e9es avec succ\u00e8s dans la rawzone", "module": "extractor", "line": 125, "pathname": "c:\\Users\\habou\\Desktop\\python\\Data engineering\\FligthRadarDataPipeline\\ETL spark\\src\\extractor.py"}
{"timestamp": "2024-02-03 12:07:45,742", "level": "INFO", "message": "Donn\u00e9es des zones charg\u00e9es avec succ\u00e8s dans la rawzone", "module": "extractor", "line": 128, "pathname": "c:\\Users\\habou\\Desktop\\python\\Data engineering\\FligthRadarDataPipeline\\ETL spark\\src\\extractor.py"}
{"timestamp": "2024-02-03 12:07:45,742", "level": "INFO", "message": "Donn\u00e9es des zones charg\u00e9es avec succ\u00e8s dans la rawzone", "module": "extractor", "line": 128, "pathname": "c:\\Users\\habou\\Desktop\\python\\Data engineering\\FligthRadarDataPipeline\\ETL spark\\src\\extractor.py"}
{"timestamp": "2024-02-03 12:07:45,852", "level": "INFO", "message": "Donn\u00e9es des a\u00e9roports charg\u00e9es avec succ\u00e8s dans la rawzone", "module": "extractor", "line": 131, "pathname": "c:\\Users\\habou\\Desktop\\python\\Data engineering\\FligthRadarDataPipeline\\ETL spark\\src\\extractor.py"}
{"timestamp": "2024-02-03 12:07:45,852", "level": "INFO", "message": "Donn\u00e9es des a\u00e9roports charg\u00e9es avec succ\u00e8s dans la rawzone", "module": "extractor", "line": 131, "pathname": "c:\\Users\\habou\\Desktop\\python\\Data engineering\\FligthRadarDataPipeline\\ETL spark\\src\\extractor.py"}
{"timestamp": "2024-02-03 12:14:30,654", "level": "INFO", "message": "D\u00e9but d'extraction des donn\u00e9es des compagnies a\u00e9riennes", "module": "extractor", "line": 22, "pathname": "c:\\Users\\habou\\Desktop\\python\\Data engineering\\FligthRadarDataPipeline\\ETL spark\\src\\extractor.py"}
{"timestamp": "2024-02-03 12:14:30,654", "level": "INFO", "message": "D\u00e9but d'extraction des donn\u00e9es des compagnies a\u00e9riennes", "module": "extractor", "line": 22, "pathname": "c:\\Users\\habou\\Desktop\\python\\Data engineering\\FligthRadarDataPipeline\\ETL spark\\src\\extractor.py"}
{"timestamp": "2024-02-03 12:14:32,084", "level": "INFO", "message": "Fin d'extraction des donn\u00e9es des compagnies a\u00e9riennes", "module": "extractor", "line": 24, "pathname": "c:\\Users\\habou\\Desktop\\python\\Data engineering\\FligthRadarDataPipeline\\ETL spark\\src\\extractor.py"}
{"timestamp": "2024-02-03 12:14:32,084", "level": "INFO", "message": "Fin d'extraction des donn\u00e9es des compagnies a\u00e9riennes", "module": "extractor", "line": 24, "pathname": "c:\\Users\\habou\\Desktop\\python\\Data engineering\\FligthRadarDataPipeline\\ETL spark\\src\\extractor.py"}
{"timestamp": "2024-02-03 12:14:32,086", "level": "INFO", "message": "D\u00e9but d'extraction des donn\u00e9es de vols", "module": "extractor", "line": 57, "pathname": "c:\\Users\\habou\\Desktop\\python\\Data engineering\\FligthRadarDataPipeline\\ETL spark\\src\\extractor.py"}
{"timestamp": "2024-02-03 12:14:32,086", "level": "INFO", "message": "D\u00e9but d'extraction des donn\u00e9es de vols", "module": "extractor", "line": 57, "pathname": "c:\\Users\\habou\\Desktop\\python\\Data engineering\\FligthRadarDataPipeline\\ETL spark\\src\\extractor.py"}
{"timestamp": "2024-02-03 12:14:50,892", "level": "INFO", "message": "Fin d'extraction des donn\u00e9es de vols", "module": "extractor", "line": 73, "pathname": "c:\\Users\\habou\\Desktop\\python\\Data engineering\\FligthRadarDataPipeline\\ETL spark\\src\\extractor.py"}
{"timestamp": "2024-02-03 12:14:50,892", "level": "INFO", "message": "Fin d'extraction des donn\u00e9es de vols", "module": "extractor", "line": 73, "pathname": "c:\\Users\\habou\\Desktop\\python\\Data engineering\\FligthRadarDataPipeline\\ETL spark\\src\\extractor.py"}
{"timestamp": "2024-02-03 12:14:50,895", "level": "INFO", "message": "D\u00e9but d'extraction des donn\u00e9es des a\u00e9roports", "module": "extractor", "line": 38, "pathname": "c:\\Users\\habou\\Desktop\\python\\Data engineering\\FligthRadarDataPipeline\\ETL spark\\src\\extractor.py"}
{"timestamp": "2024-02-03 12:14:50,895", "level": "INFO", "message": "D\u00e9but d'extraction des donn\u00e9es des a\u00e9roports", "module": "extractor", "line": 38, "pathname": "c:\\Users\\habou\\Desktop\\python\\Data engineering\\FligthRadarDataPipeline\\ETL spark\\src\\extractor.py"}
{"timestamp": "2024-02-03 12:14:51,104", "level": "INFO", "message": "Fin d'extraction des donn\u00e9es des a\u00e9roports", "module": "extractor", "line": 40, "pathname": "c:\\Users\\habou\\Desktop\\python\\Data engineering\\FligthRadarDataPipeline\\ETL spark\\src\\extractor.py"}
{"timestamp": "2024-02-03 12:14:51,104", "level": "INFO", "message": "Fin d'extraction des donn\u00e9es des a\u00e9roports", "module": "extractor", "line": 40, "pathname": "c:\\Users\\habou\\Desktop\\python\\Data engineering\\FligthRadarDataPipeline\\ETL spark\\src\\extractor.py"}
{"timestamp": "2024-02-03 12:14:51,122", "level": "INFO", "message": "D\u00e9but d'extraction des donn\u00e9es des zones", "module": "extractor", "line": 88, "pathname": "c:\\Users\\habou\\Desktop\\python\\Data engineering\\FligthRadarDataPipeline\\ETL spark\\src\\extractor.py"}
{"timestamp": "2024-02-03 12:14:51,122", "level": "INFO", "message": "D\u00e9but d'extraction des donn\u00e9es des zones", "module": "extractor", "line": 88, "pathname": "c:\\Users\\habou\\Desktop\\python\\Data engineering\\FligthRadarDataPipeline\\ETL spark\\src\\extractor.py"}
{"timestamp": "2024-02-03 12:14:51,330", "level": "INFO", "message": "Fin d'extraction des donn\u00e9es des zones", "module": "extractor", "line": 90, "pathname": "c:\\Users\\habou\\Desktop\\python\\Data engineering\\FligthRadarDataPipeline\\ETL spark\\src\\extractor.py"}
{"timestamp": "2024-02-03 12:14:51,330", "level": "INFO", "message": "Fin d'extraction des donn\u00e9es des zones", "module": "extractor", "line": 90, "pathname": "c:\\Users\\habou\\Desktop\\python\\Data engineering\\FligthRadarDataPipeline\\ETL spark\\src\\extractor.py"}
{"timestamp": "2024-02-03 12:14:51,503", "level": "INFO", "message": "Donn\u00e9es de vols charg\u00e9es avec succ\u00e8s dans la rawzone", "module": "extractor", "line": 122, "pathname": "c:\\Users\\habou\\Desktop\\python\\Data engineering\\FligthRadarDataPipeline\\ETL spark\\src\\extractor.py"}
{"timestamp": "2024-02-03 12:14:51,503", "level": "INFO", "message": "Donn\u00e9es de vols charg\u00e9es avec succ\u00e8s dans la rawzone", "module": "extractor", "line": 122, "pathname": "c:\\Users\\habou\\Desktop\\python\\Data engineering\\FligthRadarDataPipeline\\ETL spark\\src\\extractor.py"}
{"timestamp": "2024-02-03 12:14:51,545", "level": "INFO", "message": "Donn\u00e9es des compagnies a\u00e9riennes charg\u00e9es avec succ\u00e8s dans la rawzone", "module": "extractor", "line": 125, "pathname": "c:\\Users\\habou\\Desktop\\python\\Data engineering\\FligthRadarDataPipeline\\ETL spark\\src\\extractor.py"}
{"timestamp": "2024-02-03 12:14:51,545", "level": "INFO", "message": "Donn\u00e9es des compagnies a\u00e9riennes charg\u00e9es avec succ\u00e8s dans la rawzone", "module": "extractor", "line": 125, "pathname": "c:\\Users\\habou\\Desktop\\python\\Data engineering\\FligthRadarDataPipeline\\ETL spark\\src\\extractor.py"}
{"timestamp": "2024-02-03 12:14:51,577", "level": "INFO", "message": "Donn\u00e9es des zones charg\u00e9es avec succ\u00e8s dans la rawzone", "module": "extractor", "line": 128, "pathname": "c:\\Users\\habou\\Desktop\\python\\Data engineering\\FligthRadarDataPipeline\\ETL spark\\src\\extractor.py"}
{"timestamp": "2024-02-03 12:14:51,577", "level": "INFO", "message": "Donn\u00e9es des zones charg\u00e9es avec succ\u00e8s dans la rawzone", "module": "extractor", "line": 128, "pathname": "c:\\Users\\habou\\Desktop\\python\\Data engineering\\FligthRadarDataPipeline\\ETL spark\\src\\extractor.py"}
{"timestamp": "2024-02-03 12:14:51,661", "level": "INFO", "message": "Donn\u00e9es des a\u00e9roports charg\u00e9es avec succ\u00e8s dans la rawzone", "module": "extractor", "line": 131, "pathname": "c:\\Users\\habou\\Desktop\\python\\Data engineering\\FligthRadarDataPipeline\\ETL spark\\src\\extractor.py"}
{"timestamp": "2024-02-03 12:14:51,661", "level": "INFO", "message": "Donn\u00e9es des a\u00e9roports charg\u00e9es avec succ\u00e8s dans la rawzone", "module": "extractor", "line": 131, "pathname": "c:\\Users\\habou\\Desktop\\python\\Data engineering\\FligthRadarDataPipeline\\ETL spark\\src\\extractor.py"}
